2021-04-22 10:30:59.421 WARN  --- [background-preinit] o.s.h.converter.json.Jackson2ObjectMapperBuilder - For Jackson Kotlin classes support please add "com.fasterxml.jackson.module:jackson-module-kotlin" to the classpath
2021-04-22 11:54:06.639 WARN  --- [background-preinit] o.s.h.converter.json.Jackson2ObjectMapperBuilder - For Jackson Kotlin classes support please add "com.fasterxml.jackson.module:jackson-module-kotlin" to the classpath
2021-04-22 14:34:36.262 WARN  --- [http-nio-18080-exec-5] com.sunday.remark.service.VoteService - function VoteService.vote.mq make exception:defaultMQProducer send exception by:1,308,true
2021-04-22 14:35:22.088 WARN  --- [http-nio-18080-exec-8] com.sunday.remark.service.VoteService - function VoteService.vote.mq make exception:defaultMQProducer send exception by:1,308,true
2021-04-22 14:35:30.482 WARN  --- [http-nio-18080-exec-9] com.sunday.remark.service.VoteService - function VoteService.vote.mq make exception:defaultMQProducer send exception by:1,308,true
2021-04-22 15:09:00.683 WARN  --- [background-preinit] o.s.h.converter.json.Jackson2ObjectMapperBuilder - For Jackson Kotlin classes support please add "com.fasterxml.jackson.module:jackson-module-kotlin" to the classpath
2021-04-22 15:11:22.762 WARN  --- [http-nio-18080-exec-2] com.sunday.remark.service.VoteService - function VoteService.vote.mq make exception:defaultMQProducer send exception by:1,308,true
2021-04-22 15:11:35.647 WARN  --- [http-nio-18080-exec-3] com.sunday.remark.service.VoteService - function VoteService.vote.mq make exception:defaultMQProducer send exception by:1,308,true
2021-04-22 15:11:38.650 WARN  --- [http-nio-18080-exec-5] com.sunday.remark.service.VoteService - function VoteService.vote.mq make exception:defaultMQProducer send exception by:1,308,true
2021-04-22 15:11:42.812 WARN  --- [http-nio-18080-exec-6] com.sunday.remark.service.VoteService - function VoteService.vote.mq make exception:defaultMQProducer send exception by:1,308,true
2021-04-22 15:11:48.819 WARN  --- [http-nio-18080-exec-7] com.sunday.remark.service.VoteService - function VoteService.vote.mq make exception:defaultMQProducer send exception by:1,308,true
2021-04-22 15:11:51.824 WARN  --- [http-nio-18080-exec-8] com.sunday.remark.service.VoteService - function VoteService.vote.mq make exception:defaultMQProducer send exception by:1,308,true
2021-04-22 15:11:54.833 WARN  --- [http-nio-18080-exec-9] com.sunday.remark.service.VoteService - function VoteService.vote.mq make exception:defaultMQProducer send exception by:1,308,true
2021-04-22 15:11:57.838 WARN  --- [http-nio-18080-exec-10] com.sunday.remark.service.VoteService - function VoteService.vote.mq make exception:defaultMQProducer send exception by:1,308,true
2021-04-22 15:12:01.780 WARN  --- [http-nio-18080-exec-1] com.sunday.remark.service.VoteService - function VoteService.vote.mq make exception:defaultMQProducer send exception by:1,308,true
2021-04-22 15:12:03.843 WARN  --- [http-nio-18080-exec-2] com.sunday.remark.service.VoteService - function VoteService.vote.mq make exception:defaultMQProducer send exception by:1,308,true
2021-04-22 15:12:09.849 WARN  --- [http-nio-18080-exec-4] com.sunday.remark.service.VoteService - function VoteService.vote.mq make exception:defaultMQProducer send exception by:1,308,true
2021-04-22 15:14:22.259 WARN  --- [http-nio-18080-exec-3] com.sunday.remark.service.VoteService - function VoteService.vote.mq make exception:defaultMQProducer send exception by:1,308,true
2021-04-22 15:16:09.740 WARN  --- [http-nio-18080-exec-3] com.sunday.remark.service.VoteService - function VoteService.vote.mq make exception:defaultMQProducer send exception by:1,308,true
2021-04-22 15:16:35.467 WARN  --- [http-nio-18080-exec-1] com.sunday.remark.service.VoteService - function VoteService.vote.mq make exception:defaultMQProducer send exception by:1,308,true
2021-04-22 15:16:35.469 WARN  --- [http-nio-18080-exec-5] com.sunday.remark.service.VoteService - function VoteService.vote.mq make exception:defaultMQProducer send exception by:1,308,true
2021-04-22 15:28:10.021 WARN  --- [http-nio-18080-exec-4] com.sunday.remark.service.VoteService - function VoteService.vote.redis make exception:Redis exception; nested exception is io.lettuce.core.RedisException: java.net.SocketException: Connection reset by:1,308,true
2021-04-22 15:32:14.476 WARN  --- [http-nio-18080-exec-1] com.sunday.remark.service.VoteService - function VoteService.vote.mq make exception:defaultMQProducer send exception by:1,308,true
2021-04-22 15:49:44.818 WARN  --- [http-nio-18080-exec-2] com.sunday.remark.service.VoteService - function VoteService.vote.mq make exception:defaultMQProducer send exception by:1,308,true
2021-04-22 15:53:00.561 WARN  --- [http-nio-18080-exec-2] com.sunday.remark.service.VoteService - function VoteService.vote.mq make exception:defaultMQProducer send exception by:1,308,true
2021-04-22 15:55:44.491 WARN  --- [http-nio-18080-exec-2] com.sunday.remark.service.VoteService - function VoteService.vote.mq make exception:defaultMQProducer send exception by:1,308,true
2021-04-22 16:04:16.250 WARN  --- [http-nio-18080-exec-2] com.sunday.remark.service.VoteService - function VoteService.vote.mq make exception:defaultMQProducer send exception by:1,308,true
2021-04-22 16:04:19.250 WARN  --- [http-nio-18080-exec-4] com.sunday.remark.service.VoteService - function VoteService.vote.mq make exception:defaultMQProducer send exception by:1,308,true
2021-04-22 20:52:37.538 WARN  --- [background-preinit] o.s.h.converter.json.Jackson2ObjectMapperBuilder - For Jackson Kotlin classes support please add "com.fasterxml.jackson.module:jackson-module-kotlin" to the classpath
2021-04-22 20:53:55.590 WARN  --- [background-preinit] o.s.h.converter.json.Jackson2ObjectMapperBuilder - For Jackson Kotlin classes support please add "com.fasterxml.jackson.module:jackson-module-kotlin" to the classpath
2021-04-22 23:17:01.505 WARN  --- [DatebookHikariCP housekeeper] com.zaxxer.hikari.pool.HikariPool - DatebookHikariCP - Thread starvation or clock leap detected (housekeeper delta=57s339ms159µs300ns).
2021-04-22 23:33:24.254 WARN  --- [http-nio-18080-exec-1] com.sunday.remark.service.RemarkService - function RemarkService.createRemark make exception:PreparedStatementCallback; Duplicate entry 'o39' for key 'remark.order_id'; nested exception is java.sql.SQLIntegrityConstraintViolationException: Duplicate entry 'o39' for key 'remark.order_id' by:Remark(id=0, consumerId=1, itemId=item-1, orderId=o39, score=40, header=深入浅出，推荐, content=强烈推荐，把复杂的算法讲得很清楚，学习一个新算法，很受用。学完了再看其他数据再一步深入。, images=xxx, createTime=null, username=name, userface=face)
