2021-04-15 09:25:49.387 com.sunday.remark.service.VoteServiceTest - Starting VoteServiceTest on LAPTOP-0K66VC5Q with PID 584 (started by lushuntian in C:\Users\lushuntian\Desktop\shuntian\code\remark)
2021-04-15 09:25:49.403 com.sunday.remark.service.VoteServiceTest - No active profile set, falling back to default profiles: default
2021-04-15 09:25:50.379 o.s.d.r.config.RepositoryConfigurationDelegate - Multiple Spring Data modules found, entering strict repository configuration mode!
2021-04-15 09:25:50.379 o.s.d.r.config.RepositoryConfigurationDelegate - Bootstrapping Spring Data Redis repositories in DEFAULT mode.
2021-04-15 09:25:50.494 o.s.d.r.config.RepositoryConfigurationDelegate - Finished Spring Data repository scanning in 77ms. Found 0 Redis repository interfaces.
2021-04-15 09:25:51.651 com.zaxxer.hikari.HikariDataSource - HikariPool-1 - Starting...
2021-04-15 09:25:52.052 com.zaxxer.hikari.HikariDataSource - HikariPool-1 - Start completed.
2021-04-15 09:25:53.586 o.s.scheduling.concurrent.ThreadPoolTaskExecutor - Initializing ExecutorService 'applicationTaskExecutor'
2021-04-15 09:25:54.272 com.sunday.remark.service.VoteServiceTest - Started VoteServiceTest in 5.372 seconds (JVM running for 7.228)
2021-04-15 09:25:55.416 o.s.b.t.context.SpringBootTestContextBootstrapper - Neither @ContextConfiguration nor @ContextHierarchy found for test class [com.sunday.remark.repository.RemarkRepositoryTest], using SpringBootContextLoader
2021-04-15 09:25:55.416 o.s.test.context.support.AbstractContextLoader - Could not detect default resource locations for test class [com.sunday.remark.repository.RemarkRepositoryTest]: no resource found for suffixes {-context.xml, Context.groovy}.
2021-04-15 09:25:55.416 o.s.b.t.context.SpringBootTestContextBootstrapper - Loaded default TestExecutionListener class names from location [META-INF/spring.factories]: [org.springframework.boot.test.mock.mockito.MockitoTestExecutionListener, org.springframework.boot.test.mock.mockito.ResetMocksTestExecutionListener, org.springframework.boot.test.autoconfigure.restdocs.RestDocsTestExecutionListener, org.springframework.boot.test.autoconfigure.web.client.MockRestServiceServerResetTestExecutionListener, org.springframework.boot.test.autoconfigure.web.servlet.MockMvcPrintOnlyOnFailureTestExecutionListener, org.springframework.boot.test.autoconfigure.web.servlet.WebDriverTestExecutionListener, org.springframework.boot.test.autoconfigure.webservices.client.MockWebServiceServerTestExecutionListener, org.springframework.test.context.web.ServletTestExecutionListener, org.springframework.test.context.support.DirtiesContextBeforeModesTestExecutionListener, org.springframework.test.context.support.DependencyInjectionTestExecutionListener, org.springframework.test.context.support.DirtiesContextTestExecutionListener, org.springframework.test.context.transaction.TransactionalTestExecutionListener, org.springframework.test.context.jdbc.SqlScriptsTestExecutionListener, org.springframework.test.context.event.EventPublishingTestExecutionListener]
2021-04-15 09:25:55.416 o.s.b.t.context.SpringBootTestContextBootstrapper - Using TestExecutionListeners: [org.springframework.test.context.web.ServletTestExecutionListener@19e5e110, org.springframework.test.context.support.DirtiesContextBeforeModesTestExecutionListener@1e295f7f, org.springframework.boot.test.mock.mockito.MockitoTestExecutionListener@4b762988, org.springframework.boot.test.autoconfigure.SpringBootDependencyInjectionTestExecutionListener@24f2608b, org.springframework.test.context.support.DirtiesContextTestExecutionListener@12a9e864, org.springframework.test.context.transaction.TransactionalTestExecutionListener@462f8fe9, org.springframework.test.context.jdbc.SqlScriptsTestExecutionListener@3c6fc4cd, org.springframework.test.context.event.EventPublishingTestExecutionListener@b2e1df3, org.springframework.boot.test.mock.mockito.ResetMocksTestExecutionListener@56193e3a, org.springframework.boot.test.autoconfigure.restdocs.RestDocsTestExecutionListener@6cf3b3d7, org.springframework.boot.test.autoconfigure.web.client.MockRestServiceServerResetTestExecutionListener@2e785b28, org.springframework.boot.test.autoconfigure.web.servlet.MockMvcPrintOnlyOnFailureTestExecutionListener@55c20a91, org.springframework.boot.test.autoconfigure.web.servlet.WebDriverTestExecutionListener@4a3516fd, org.springframework.boot.test.autoconfigure.webservices.client.MockWebServiceServerTestExecutionListener@3ba96967]
2021-04-15 09:25:55.562 o.s.b.t.context.SpringBootTestContextBootstrapper - Neither @ContextConfiguration nor @ContextHierarchy found for test class [com.sunday.remark.repository.RedisRepositoryTest], using SpringBootContextLoader
2021-04-15 09:25:55.562 o.s.test.context.support.AbstractContextLoader - Could not detect default resource locations for test class [com.sunday.remark.repository.RedisRepositoryTest]: no resource found for suffixes {-context.xml, Context.groovy}.
2021-04-15 09:25:55.562 o.s.b.t.context.SpringBootTestContextBootstrapper - Loaded default TestExecutionListener class names from location [META-INF/spring.factories]: [org.springframework.boot.test.mock.mockito.MockitoTestExecutionListener, org.springframework.boot.test.mock.mockito.ResetMocksTestExecutionListener, org.springframework.boot.test.autoconfigure.restdocs.RestDocsTestExecutionListener, org.springframework.boot.test.autoconfigure.web.client.MockRestServiceServerResetTestExecutionListener, org.springframework.boot.test.autoconfigure.web.servlet.MockMvcPrintOnlyOnFailureTestExecutionListener, org.springframework.boot.test.autoconfigure.web.servlet.WebDriverTestExecutionListener, org.springframework.boot.test.autoconfigure.webservices.client.MockWebServiceServerTestExecutionListener, org.springframework.test.context.web.ServletTestExecutionListener, org.springframework.test.context.support.DirtiesContextBeforeModesTestExecutionListener, org.springframework.test.context.support.DependencyInjectionTestExecutionListener, org.springframework.test.context.support.DirtiesContextTestExecutionListener, org.springframework.test.context.transaction.TransactionalTestExecutionListener, org.springframework.test.context.jdbc.SqlScriptsTestExecutionListener, org.springframework.test.context.event.EventPublishingTestExecutionListener]
2021-04-15 09:25:55.562 o.s.b.t.context.SpringBootTestContextBootstrapper - Using TestExecutionListeners: [org.springframework.test.context.web.ServletTestExecutionListener@63243c8f, org.springframework.test.context.support.DirtiesContextBeforeModesTestExecutionListener@2ea4e762, org.springframework.boot.test.mock.mockito.MockitoTestExecutionListener@444c0f9a, org.springframework.boot.test.autoconfigure.SpringBootDependencyInjectionTestExecutionListener@36931450, org.springframework.test.context.support.DirtiesContextTestExecutionListener@74919649, org.springframework.test.context.transaction.TransactionalTestExecutionListener@7d07e04e, org.springframework.test.context.jdbc.SqlScriptsTestExecutionListener@599310ab, org.springframework.test.context.event.EventPublishingTestExecutionListener@770cbe5d, org.springframework.boot.test.mock.mockito.ResetMocksTestExecutionListener@f575d2b, org.springframework.boot.test.autoconfigure.restdocs.RestDocsTestExecutionListener@4d90d91f, org.springframework.boot.test.autoconfigure.web.client.MockRestServiceServerResetTestExecutionListener@c478e4e, org.springframework.boot.test.autoconfigure.web.servlet.MockMvcPrintOnlyOnFailureTestExecutionListener@1e2b37cd, org.springframework.boot.test.autoconfigure.web.servlet.WebDriverTestExecutionListener@2ba08f26, org.springframework.boot.test.autoconfigure.webservices.client.MockWebServiceServerTestExecutionListener@6033f36c]
2021-04-15 09:26:06.752 o.s.b.t.context.SpringBootTestContextBootstrapper - Neither @ContextConfiguration nor @ContextHierarchy found for test class [com.sunday.remark.service.RemarkServiceTest], using SpringBootContextLoader
2021-04-15 09:26:06.754 o.s.test.context.support.AbstractContextLoader - Could not detect default resource locations for test class [com.sunday.remark.service.RemarkServiceTest]: no resource found for suffixes {-context.xml, Context.groovy}.
2021-04-15 09:26:06.757 o.s.b.t.context.SpringBootTestContextBootstrapper - Loaded default TestExecutionListener class names from location [META-INF/spring.factories]: [org.springframework.boot.test.mock.mockito.MockitoTestExecutionListener, org.springframework.boot.test.mock.mockito.ResetMocksTestExecutionListener, org.springframework.boot.test.autoconfigure.restdocs.RestDocsTestExecutionListener, org.springframework.boot.test.autoconfigure.web.client.MockRestServiceServerResetTestExecutionListener, org.springframework.boot.test.autoconfigure.web.servlet.MockMvcPrintOnlyOnFailureTestExecutionListener, org.springframework.boot.test.autoconfigure.web.servlet.WebDriverTestExecutionListener, org.springframework.boot.test.autoconfigure.webservices.client.MockWebServiceServerTestExecutionListener, org.springframework.test.context.web.ServletTestExecutionListener, org.springframework.test.context.support.DirtiesContextBeforeModesTestExecutionListener, org.springframework.test.context.support.DependencyInjectionTestExecutionListener, org.springframework.test.context.support.DirtiesContextTestExecutionListener, org.springframework.test.context.transaction.TransactionalTestExecutionListener, org.springframework.test.context.jdbc.SqlScriptsTestExecutionListener, org.springframework.test.context.event.EventPublishingTestExecutionListener]
2021-04-15 09:26:06.757 o.s.b.t.context.SpringBootTestContextBootstrapper - Using TestExecutionListeners: [org.springframework.test.context.web.ServletTestExecutionListener@61503d00, org.springframework.test.context.support.DirtiesContextBeforeModesTestExecutionListener@1fcfcf37, org.springframework.boot.test.mock.mockito.MockitoTestExecutionListener@3ebc6d8b, org.springframework.boot.test.autoconfigure.SpringBootDependencyInjectionTestExecutionListener@1eab0700, org.springframework.test.context.support.DirtiesContextTestExecutionListener@7e7391e8, org.springframework.test.context.transaction.TransactionalTestExecutionListener@1fa44f66, org.springframework.test.context.jdbc.SqlScriptsTestExecutionListener@4229b92c, org.springframework.test.context.event.EventPublishingTestExecutionListener@47c356e, org.springframework.boot.test.mock.mockito.ResetMocksTestExecutionListener@66e218d8, org.springframework.boot.test.autoconfigure.restdocs.RestDocsTestExecutionListener@5b80b41d, org.springframework.boot.test.autoconfigure.web.client.MockRestServiceServerResetTestExecutionListener@54ef9698, org.springframework.boot.test.autoconfigure.web.servlet.MockMvcPrintOnlyOnFailureTestExecutionListener@31dd0e2e, org.springframework.boot.test.autoconfigure.web.servlet.WebDriverTestExecutionListener@478fe415, org.springframework.boot.test.autoconfigure.webservices.client.MockWebServiceServerTestExecutionListener@197180a5]
2021-04-15 09:26:07.531 o.s.b.t.context.SpringBootTestContextBootstrapper - Neither @ContextConfiguration nor @ContextHierarchy found for test class [com.sunday.remark.controller.RemarkControllerTest], using SpringBootContextLoader
2021-04-15 09:26:07.531 o.s.test.context.support.AbstractContextLoader - Could not detect default resource locations for test class [com.sunday.remark.controller.RemarkControllerTest]: no resource found for suffixes {-context.xml, Context.groovy}.
2021-04-15 09:26:07.531 o.s.b.t.context.SpringBootTestContextBootstrapper - Loaded default TestExecutionListener class names from location [META-INF/spring.factories]: [org.springframework.boot.test.mock.mockito.MockitoTestExecutionListener, org.springframework.boot.test.mock.mockito.ResetMocksTestExecutionListener, org.springframework.boot.test.autoconfigure.restdocs.RestDocsTestExecutionListener, org.springframework.boot.test.autoconfigure.web.client.MockRestServiceServerResetTestExecutionListener, org.springframework.boot.test.autoconfigure.web.servlet.MockMvcPrintOnlyOnFailureTestExecutionListener, org.springframework.boot.test.autoconfigure.web.servlet.WebDriverTestExecutionListener, org.springframework.boot.test.autoconfigure.webservices.client.MockWebServiceServerTestExecutionListener, org.springframework.test.context.web.ServletTestExecutionListener, org.springframework.test.context.support.DirtiesContextBeforeModesTestExecutionListener, org.springframework.test.context.support.DependencyInjectionTestExecutionListener, org.springframework.test.context.support.DirtiesContextTestExecutionListener, org.springframework.test.context.transaction.TransactionalTestExecutionListener, org.springframework.test.context.jdbc.SqlScriptsTestExecutionListener, org.springframework.test.context.event.EventPublishingTestExecutionListener]
2021-04-15 09:26:07.531 o.s.b.t.context.SpringBootTestContextBootstrapper - Using TestExecutionListeners: [org.springframework.test.context.web.ServletTestExecutionListener@41c88e00, org.springframework.test.context.support.DirtiesContextBeforeModesTestExecutionListener@4fea095b, org.springframework.boot.test.mock.mockito.MockitoTestExecutionListener@354e2bff, org.springframework.boot.test.autoconfigure.SpringBootDependencyInjectionTestExecutionListener@232b3b4c, org.springframework.test.context.support.DirtiesContextTestExecutionListener@261609a7, org.springframework.test.context.transaction.TransactionalTestExecutionListener@39296cef, org.springframework.test.context.jdbc.SqlScriptsTestExecutionListener@7dfca9e6, org.springframework.test.context.event.EventPublishingTestExecutionListener@7771c4e, org.springframework.boot.test.mock.mockito.ResetMocksTestExecutionListener@113a6636, org.springframework.boot.test.autoconfigure.restdocs.RestDocsTestExecutionListener@63062eea, org.springframework.boot.test.autoconfigure.web.client.MockRestServiceServerResetTestExecutionListener@7bad18f5, org.springframework.boot.test.autoconfigure.web.servlet.MockMvcPrintOnlyOnFailureTestExecutionListener@4407fea2, org.springframework.boot.test.autoconfigure.web.servlet.WebDriverTestExecutionListener@64e3bc2, org.springframework.boot.test.autoconfigure.webservices.client.MockWebServiceServerTestExecutionListener@54ed249f]
2021-04-15 09:26:07.562 o.s.b.test.mock.web.SpringBootMockServletContext - Initializing Spring TestDispatcherServlet ''
2021-04-15 09:26:07.562 o.s.test.web.servlet.TestDispatcherServlet - Initializing Servlet ''
2021-04-15 09:26:07.585 o.s.test.web.servlet.TestDispatcherServlet - Completed initialization in 23 ms
2021-04-15 09:26:07.717 o.s.b.test.mock.web.SpringBootMockServletContext - Initializing Spring TestDispatcherServlet ''
2021-04-15 09:26:07.717 o.s.test.web.servlet.TestDispatcherServlet - Initializing Servlet ''
2021-04-15 09:26:07.733 o.s.test.web.servlet.TestDispatcherServlet - Completed initialization in 16 ms
2021-04-15 09:26:07.765 c.s.r.controller.aspect.CommonControllerAdvice - assert error:内容不能少于10字
2021-04-15 09:26:07.765 c.s.r.controller.aspect.CommonControllerAdvice - assert error:用户id不能为空
2021-04-15 09:26:07.765 c.s.r.controller.aspect.CommonControllerAdvice - assert error:内容不能少于10字
2021-04-15 09:26:07.765 c.s.r.controller.aspect.CommonControllerAdvice - assert error:评分不合规
2021-04-15 09:26:07.802 org.springframework.mock.web.MockServletContext - Initializing Spring TestDispatcherServlet ''
2021-04-15 09:26:07.802 o.s.test.web.servlet.TestDispatcherServlet - Initializing Servlet ''
2021-04-15 09:26:07.802 o.s.test.web.servlet.TestDispatcherServlet - Completed initialization in 0 ms
2021-04-15 09:26:07.802 o.s.b.t.context.SpringBootTestContextBootstrapper - Neither @ContextConfiguration nor @ContextHierarchy found for test class [com.sunday.remark.repository.VoteBoxTest], using SpringBootContextLoader
2021-04-15 09:26:07.817 o.s.test.context.support.AbstractContextLoader - Could not detect default resource locations for test class [com.sunday.remark.repository.VoteBoxTest]: no resource found for suffixes {-context.xml, Context.groovy}.
2021-04-15 09:26:07.817 o.s.b.t.context.SpringBootTestContextBootstrapper - Loaded default TestExecutionListener class names from location [META-INF/spring.factories]: [org.springframework.boot.test.mock.mockito.MockitoTestExecutionListener, org.springframework.boot.test.mock.mockito.ResetMocksTestExecutionListener, org.springframework.boot.test.autoconfigure.restdocs.RestDocsTestExecutionListener, org.springframework.boot.test.autoconfigure.web.client.MockRestServiceServerResetTestExecutionListener, org.springframework.boot.test.autoconfigure.web.servlet.MockMvcPrintOnlyOnFailureTestExecutionListener, org.springframework.boot.test.autoconfigure.web.servlet.WebDriverTestExecutionListener, org.springframework.boot.test.autoconfigure.webservices.client.MockWebServiceServerTestExecutionListener, org.springframework.test.context.web.ServletTestExecutionListener, org.springframework.test.context.support.DirtiesContextBeforeModesTestExecutionListener, org.springframework.test.context.support.DependencyInjectionTestExecutionListener, org.springframework.test.context.support.DirtiesContextTestExecutionListener, org.springframework.test.context.transaction.TransactionalTestExecutionListener, org.springframework.test.context.jdbc.SqlScriptsTestExecutionListener, org.springframework.test.context.event.EventPublishingTestExecutionListener]
2021-04-15 09:26:07.817 o.s.b.t.context.SpringBootTestContextBootstrapper - Using TestExecutionListeners: [org.springframework.test.context.web.ServletTestExecutionListener@626b9092, org.springframework.test.context.support.DirtiesContextBeforeModesTestExecutionListener@1ac2829e, org.springframework.boot.test.mock.mockito.MockitoTestExecutionListener@7a7f2247, org.springframework.boot.test.autoconfigure.SpringBootDependencyInjectionTestExecutionListener@4946dfde, org.springframework.test.context.support.DirtiesContextTestExecutionListener@77972964, org.springframework.test.context.transaction.TransactionalTestExecutionListener@794f937a, org.springframework.test.context.jdbc.SqlScriptsTestExecutionListener@7aa1fb0e, org.springframework.test.context.event.EventPublishingTestExecutionListener@5e663ab, org.springframework.boot.test.mock.mockito.ResetMocksTestExecutionListener@4b74a67a, org.springframework.boot.test.autoconfigure.restdocs.RestDocsTestExecutionListener@4e25282d, org.springframework.boot.test.autoconfigure.web.client.MockRestServiceServerResetTestExecutionListener@3b29d36c, org.springframework.boot.test.autoconfigure.web.servlet.MockMvcPrintOnlyOnFailureTestExecutionListener@d641499, org.springframework.boot.test.autoconfigure.web.servlet.WebDriverTestExecutionListener@634d3439, org.springframework.boot.test.autoconfigure.webservices.client.MockWebServiceServerTestExecutionListener@44e0c3d]
2021-04-15 09:26:07.833 o.s.b.t.context.SpringBootTestContextBootstrapper - Neither @ContextConfiguration nor @ContextHierarchy found for test class [com.sunday.remark.RemarkApplicationTests], using SpringBootContextLoader
2021-04-15 09:26:07.833 o.s.test.context.support.AbstractContextLoader - Could not detect default resource locations for test class [com.sunday.remark.RemarkApplicationTests]: no resource found for suffixes {-context.xml, Context.groovy}.
2021-04-15 09:26:07.833 o.s.b.t.context.SpringBootTestContextBootstrapper - Loaded default TestExecutionListener class names from location [META-INF/spring.factories]: [org.springframework.boot.test.mock.mockito.MockitoTestExecutionListener, org.springframework.boot.test.mock.mockito.ResetMocksTestExecutionListener, org.springframework.boot.test.autoconfigure.restdocs.RestDocsTestExecutionListener, org.springframework.boot.test.autoconfigure.web.client.MockRestServiceServerResetTestExecutionListener, org.springframework.boot.test.autoconfigure.web.servlet.MockMvcPrintOnlyOnFailureTestExecutionListener, org.springframework.boot.test.autoconfigure.web.servlet.WebDriverTestExecutionListener, org.springframework.boot.test.autoconfigure.webservices.client.MockWebServiceServerTestExecutionListener, org.springframework.test.context.web.ServletTestExecutionListener, org.springframework.test.context.support.DirtiesContextBeforeModesTestExecutionListener, org.springframework.test.context.support.DependencyInjectionTestExecutionListener, org.springframework.test.context.support.DirtiesContextTestExecutionListener, org.springframework.test.context.transaction.TransactionalTestExecutionListener, org.springframework.test.context.jdbc.SqlScriptsTestExecutionListener, org.springframework.test.context.event.EventPublishingTestExecutionListener]
2021-04-15 09:26:07.833 o.s.b.t.context.SpringBootTestContextBootstrapper - Using TestExecutionListeners: [org.springframework.test.context.web.ServletTestExecutionListener@412440c1, org.springframework.test.context.support.DirtiesContextBeforeModesTestExecutionListener@36c45149, org.springframework.boot.test.mock.mockito.MockitoTestExecutionListener@33f4844b, org.springframework.boot.test.autoconfigure.SpringBootDependencyInjectionTestExecutionListener@201b52f7, org.springframework.test.context.support.DirtiesContextTestExecutionListener@435a2c7d, org.springframework.test.context.transaction.TransactionalTestExecutionListener@57806346, org.springframework.test.context.jdbc.SqlScriptsTestExecutionListener@40416321, org.springframework.test.context.event.EventPublishingTestExecutionListener@3ab70d34, org.springframework.boot.test.mock.mockito.ResetMocksTestExecutionListener@289cf7db, org.springframework.boot.test.autoconfigure.restdocs.RestDocsTestExecutionListener@7c523bdd, org.springframework.boot.test.autoconfigure.web.client.MockRestServiceServerResetTestExecutionListener@3741071d, org.springframework.boot.test.autoconfigure.web.servlet.MockMvcPrintOnlyOnFailureTestExecutionListener@351d726c, org.springframework.boot.test.autoconfigure.web.servlet.WebDriverTestExecutionListener@7af0693b, org.springframework.boot.test.autoconfigure.webservices.client.MockWebServiceServerTestExecutionListener@1791396b]
2021-04-15 09:26:07.849 o.s.scheduling.concurrent.ThreadPoolTaskExecutor - Shutting down ExecutorService 'applicationTaskExecutor'
2021-04-15 09:26:07.865 com.zaxxer.hikari.HikariDataSource - HikariPool-1 - Shutdown initiated...
2021-04-15 09:26:07.868 com.zaxxer.hikari.HikariDataSource - HikariPool-1 - Shutdown completed.
2021-04-15 09:27:53.475 com.sunday.remark.service.VoteServiceTest - Starting VoteServiceTest on LAPTOP-0K66VC5Q with PID 14860 (started by lushuntian in C:\Users\lushuntian\Desktop\shuntian\code\remark)
2021-04-15 09:27:53.475 com.sunday.remark.service.VoteServiceTest - No active profile set, falling back to default profiles: default
2021-04-15 09:27:54.393 o.s.d.r.config.RepositoryConfigurationDelegate - Multiple Spring Data modules found, entering strict repository configuration mode!
2021-04-15 09:27:54.393 o.s.d.r.config.RepositoryConfigurationDelegate - Bootstrapping Spring Data Redis repositories in DEFAULT mode.
2021-04-15 09:27:54.496 o.s.d.r.config.RepositoryConfigurationDelegate - Finished Spring Data repository scanning in 84ms. Found 0 Redis repository interfaces.
2021-04-15 09:27:55.627 com.zaxxer.hikari.HikariDataSource - HikariPool-1 - Starting...
2021-04-15 09:27:55.912 com.zaxxer.hikari.HikariDataSource - HikariPool-1 - Start completed.
2021-04-15 09:27:57.477 o.s.scheduling.concurrent.ThreadPoolTaskExecutor - Initializing ExecutorService 'applicationTaskExecutor'
2021-04-15 09:27:58.197 com.sunday.remark.service.VoteServiceTest - Started VoteServiceTest in 5.215 seconds (JVM running for 6.689)
2021-04-15 09:27:59.365 o.s.scheduling.concurrent.ThreadPoolTaskExecutor - Shutting down ExecutorService 'applicationTaskExecutor'
2021-04-15 09:27:59.376 com.zaxxer.hikari.HikariDataSource - HikariPool-1 - Shutdown initiated...
2021-04-15 09:27:59.376 com.zaxxer.hikari.HikariDataSource - HikariPool-1 - Shutdown completed.
2021-04-15 09:28:49.077 com.sunday.remark.service.VoteServiceTest - Starting VoteServiceTest on LAPTOP-0K66VC5Q with PID 10788 (started by lushuntian in C:\Users\lushuntian\Desktop\shuntian\code\remark)
2021-04-15 09:28:49.077 com.sunday.remark.service.VoteServiceTest - No active profile set, falling back to default profiles: default
2021-04-15 09:28:50.096 o.s.d.r.config.RepositoryConfigurationDelegate - Multiple Spring Data modules found, entering strict repository configuration mode!
2021-04-15 09:28:50.101 o.s.d.r.config.RepositoryConfigurationDelegate - Bootstrapping Spring Data Redis repositories in DEFAULT mode.
2021-04-15 09:28:50.197 o.s.d.r.config.RepositoryConfigurationDelegate - Finished Spring Data repository scanning in 75ms. Found 0 Redis repository interfaces.
2021-04-15 09:28:51.508 com.zaxxer.hikari.HikariDataSource - HikariPool-1 - Starting...
2021-04-15 09:28:51.840 com.zaxxer.hikari.HikariDataSource - HikariPool-1 - Start completed.
2021-04-15 09:28:53.490 o.s.scheduling.concurrent.ThreadPoolTaskExecutor - Initializing ExecutorService 'applicationTaskExecutor'
2021-04-15 09:28:54.285 com.sunday.remark.service.VoteServiceTest - Started VoteServiceTest in 5.78 seconds (JVM running for 7.742)
2021-04-15 09:29:53.326 o.s.scheduling.concurrent.ThreadPoolTaskExecutor - Shutting down ExecutorService 'applicationTaskExecutor'
2021-04-15 09:29:53.329 com.zaxxer.hikari.HikariDataSource - HikariPool-1 - Shutdown initiated...
2021-04-15 09:29:53.329 com.zaxxer.hikari.HikariDataSource - HikariPool-1 - Shutdown completed.
2021-04-15 09:30:16.977 com.sunday.remark.service.VoteServiceTest - Starting VoteServiceTest on LAPTOP-0K66VC5Q with PID 5108 (started by lushuntian in C:\Users\lushuntian\Desktop\shuntian\code\remark)
2021-04-15 09:30:16.977 com.sunday.remark.service.VoteServiceTest - No active profile set, falling back to default profiles: default
2021-04-15 09:30:17.901 o.s.d.r.config.RepositoryConfigurationDelegate - Multiple Spring Data modules found, entering strict repository configuration mode!
2021-04-15 09:30:17.901 o.s.d.r.config.RepositoryConfigurationDelegate - Bootstrapping Spring Data Redis repositories in DEFAULT mode.
2021-04-15 09:30:18.017 o.s.d.r.config.RepositoryConfigurationDelegate - Finished Spring Data repository scanning in 83ms. Found 0 Redis repository interfaces.
2021-04-15 09:30:19.068 com.zaxxer.hikari.HikariDataSource - HikariPool-1 - Starting...
2021-04-15 09:30:19.351 com.zaxxer.hikari.HikariDataSource - HikariPool-1 - Start completed.
2021-04-15 09:30:20.801 o.s.scheduling.concurrent.ThreadPoolTaskExecutor - Initializing ExecutorService 'applicationTaskExecutor'
2021-04-15 09:30:21.495 com.sunday.remark.service.VoteServiceTest - Started VoteServiceTest in 4.991 seconds (JVM running for 6.459)
2021-04-15 09:30:22.510 o.s.scheduling.concurrent.ThreadPoolTaskExecutor - Shutting down ExecutorService 'applicationTaskExecutor'
2021-04-15 09:30:22.523 com.zaxxer.hikari.HikariDataSource - HikariPool-1 - Shutdown initiated...
2021-04-15 09:30:22.524 com.zaxxer.hikari.HikariDataSource - HikariPool-1 - Shutdown completed.
2021-04-15 09:31:24.182 com.sunday.remark.RemarkApplication - Starting RemarkApplication on LAPTOP-0K66VC5Q with PID 9268 (C:\Users\lushuntian\Desktop\shuntian\code\remark\target\classes started by lushuntian in C:\Users\lushuntian\Desktop\shuntian\code\remark)
2021-04-15 09:31:24.182 com.sunday.remark.RemarkApplication - No active profile set, falling back to default profiles: default
2021-04-15 09:31:25.516 o.s.d.r.config.RepositoryConfigurationDelegate - Multiple Spring Data modules found, entering strict repository configuration mode!
2021-04-15 09:31:25.521 o.s.d.r.config.RepositoryConfigurationDelegate - Bootstrapping Spring Data Redis repositories in DEFAULT mode.
2021-04-15 09:31:25.653 o.s.d.r.config.RepositoryConfigurationDelegate - Finished Spring Data repository scanning in 90ms. Found 0 Redis repository interfaces.
2021-04-15 09:31:26.647 o.s.boot.web.embedded.tomcat.TomcatWebServer - Tomcat initialized with port(s): 18080 (http)
2021-04-15 09:31:26.659 org.apache.coyote.http11.Http11NioProtocol - Initializing ProtocolHandler ["http-nio-18080"]
2021-04-15 09:31:26.660 org.apache.catalina.core.StandardService - Starting service [Tomcat]
2021-04-15 09:31:26.660 org.apache.catalina.core.StandardEngine - Starting Servlet engine: [Apache Tomcat/9.0.39]
2021-04-15 09:31:26.842 o.a.c.core.ContainerBase.[Tomcat].[localhost].[/] - Initializing Spring embedded WebApplicationContext
2021-04-15 09:31:26.843 o.s.b.w.s.c.ServletWebServerApplicationContext - Root WebApplicationContext: initialization completed in 2562 ms
2021-04-15 09:31:28.305 o.s.scheduling.concurrent.ThreadPoolTaskExecutor - Initializing ExecutorService 'applicationTaskExecutor'
2021-04-15 09:31:28.611 org.apache.coyote.http11.Http11NioProtocol - Starting ProtocolHandler ["http-nio-18080"]
2021-04-15 09:31:28.631 o.s.boot.web.embedded.tomcat.TomcatWebServer - Tomcat started on port(s): 18080 (http) with context path ''
2021-04-15 09:31:28.641 com.sunday.remark.RemarkApplication - Started RemarkApplication in 5.389 seconds (JVM running for 6.094)
2021-04-15 09:32:57.514 o.a.c.core.ContainerBase.[Tomcat].[localhost].[/] - Initializing Spring DispatcherServlet 'dispatcherServlet'
2021-04-15 09:32:57.514 org.springframework.web.servlet.DispatcherServlet - Initializing Servlet 'dispatcherServlet'
2021-04-15 09:32:57.521 org.springframework.web.servlet.DispatcherServlet - Completed initialization in 7 ms
2021-04-15 09:32:58.223 com.zaxxer.hikari.HikariDataSource - DatebookHikariCP - Starting...
2021-04-15 09:32:59.186 com.zaxxer.hikari.HikariDataSource - DatebookHikariCP - Start completed.
2021-04-15 09:33:33.195 com.sunday.remark.RemarkApplication - Starting RemarkApplication on LAPTOP-0K66VC5Q with PID 13364 (C:\Users\lushuntian\Desktop\shuntian\code\remark\target\classes started by lushuntian in C:\Users\lushuntian\Desktop\shuntian\code\remark)
2021-04-15 09:33:33.199 com.sunday.remark.RemarkApplication - No active profile set, falling back to default profiles: default
2021-04-15 09:33:34.127 o.s.d.r.config.RepositoryConfigurationDelegate - Multiple Spring Data modules found, entering strict repository configuration mode!
2021-04-15 09:33:34.131 o.s.d.r.config.RepositoryConfigurationDelegate - Bootstrapping Spring Data Redis repositories in DEFAULT mode.
2021-04-15 09:33:34.224 o.s.d.r.config.RepositoryConfigurationDelegate - Finished Spring Data repository scanning in 64ms. Found 0 Redis repository interfaces.
2021-04-15 09:33:35.050 o.s.boot.web.embedded.tomcat.TomcatWebServer - Tomcat initialized with port(s): 18080 (http)
2021-04-15 09:33:35.061 org.apache.coyote.http11.Http11NioProtocol - Initializing ProtocolHandler ["http-nio-18080"]
2021-04-15 09:33:35.061 org.apache.catalina.core.StandardService - Starting service [Tomcat]
2021-04-15 09:33:35.062 org.apache.catalina.core.StandardEngine - Starting Servlet engine: [Apache Tomcat/9.0.39]
2021-04-15 09:33:35.215 o.a.c.core.ContainerBase.[Tomcat].[localhost].[/] - Initializing Spring embedded WebApplicationContext
2021-04-15 09:33:35.215 o.s.b.w.s.c.ServletWebServerApplicationContext - Root WebApplicationContext: initialization completed in 1928 ms
2021-04-15 09:33:36.471 o.s.scheduling.concurrent.ThreadPoolTaskExecutor - Initializing ExecutorService 'applicationTaskExecutor'
2021-04-15 09:33:36.751 org.apache.coyote.http11.Http11NioProtocol - Starting ProtocolHandler ["http-nio-18080"]
2021-04-15 09:33:36.770 o.s.boot.web.embedded.tomcat.TomcatWebServer - Tomcat started on port(s): 18080 (http) with context path ''
2021-04-15 09:33:36.779 com.sunday.remark.RemarkApplication - Started RemarkApplication in 4.357 seconds (JVM running for 4.953)
2021-04-15 09:34:00.186 o.a.c.core.ContainerBase.[Tomcat].[localhost].[/] - Initializing Spring DispatcherServlet 'dispatcherServlet'
2021-04-15 09:34:00.187 org.springframework.web.servlet.DispatcherServlet - Initializing Servlet 'dispatcherServlet'
2021-04-15 09:34:00.195 org.springframework.web.servlet.DispatcherServlet - Completed initialization in 8 ms
2021-04-15 09:37:33.874 com.sunday.remark.RemarkApplication - Starting RemarkApplication on LAPTOP-0K66VC5Q with PID 11408 (C:\Users\lushuntian\Desktop\shuntian\code\remark\target\classes started by lushuntian in C:\Users\lushuntian\Desktop\shuntian\code\remark)
2021-04-15 09:37:33.890 com.sunday.remark.RemarkApplication - No active profile set, falling back to default profiles: default
2021-04-15 09:37:34.787 o.s.d.r.config.RepositoryConfigurationDelegate - Multiple Spring Data modules found, entering strict repository configuration mode!
2021-04-15 09:37:34.787 o.s.d.r.config.RepositoryConfigurationDelegate - Bootstrapping Spring Data Redis repositories in DEFAULT mode.
2021-04-15 09:37:34.871 o.s.d.r.config.RepositoryConfigurationDelegate - Finished Spring Data repository scanning in 52ms. Found 0 Redis repository interfaces.
2021-04-15 09:37:35.820 o.s.boot.web.embedded.tomcat.TomcatWebServer - Tomcat initialized with port(s): 18080 (http)
2021-04-15 09:37:35.827 org.apache.coyote.http11.Http11NioProtocol - Initializing ProtocolHandler ["http-nio-18080"]
2021-04-15 09:37:35.827 org.apache.catalina.core.StandardService - Starting service [Tomcat]
2021-04-15 09:37:35.827 org.apache.catalina.core.StandardEngine - Starting Servlet engine: [Apache Tomcat/9.0.39]
2021-04-15 09:37:36.005 o.a.c.core.ContainerBase.[Tomcat].[localhost].[/] - Initializing Spring embedded WebApplicationContext
2021-04-15 09:37:36.005 o.s.b.w.s.c.ServletWebServerApplicationContext - Root WebApplicationContext: initialization completed in 2028 ms
2021-04-15 09:37:37.709 o.s.scheduling.concurrent.ThreadPoolTaskExecutor - Initializing ExecutorService 'applicationTaskExecutor'
2021-04-15 09:37:38.068 org.apache.coyote.http11.Http11NioProtocol - Starting ProtocolHandler ["http-nio-18080"]
2021-04-15 09:37:38.094 o.s.boot.web.embedded.tomcat.TomcatWebServer - Tomcat started on port(s): 18080 (http) with context path ''
2021-04-15 09:37:38.104 com.sunday.remark.RemarkApplication - Started RemarkApplication in 5.052 seconds (JVM running for 5.768)
2021-04-15 09:37:55.008 o.a.c.core.ContainerBase.[Tomcat].[localhost].[/] - Initializing Spring DispatcherServlet 'dispatcherServlet'
2021-04-15 09:37:55.008 org.springframework.web.servlet.DispatcherServlet - Initializing Servlet 'dispatcherServlet'
2021-04-15 09:37:55.015 org.springframework.web.servlet.DispatcherServlet - Completed initialization in 7 ms
2021-04-15 09:44:15.325 o.s.scheduling.concurrent.ThreadPoolTaskExecutor - Shutting down ExecutorService 'applicationTaskExecutor'
2021-04-15 09:44:51.825 com.sunday.remark.RemarkApplication - Starting RemarkApplication on LAPTOP-0K66VC5Q with PID 14488 (C:\Users\lushuntian\Desktop\shuntian\code\remark\target\classes started by lushuntian in C:\Users\lushuntian\Desktop\shuntian\code\remark)
2021-04-15 09:44:51.852 com.sunday.remark.RemarkApplication - No active profile set, falling back to default profiles: default
2021-04-15 09:44:52.689 o.s.d.r.config.RepositoryConfigurationDelegate - Multiple Spring Data modules found, entering strict repository configuration mode!
2021-04-15 09:44:52.689 o.s.d.r.config.RepositoryConfigurationDelegate - Bootstrapping Spring Data Redis repositories in DEFAULT mode.
2021-04-15 09:44:52.789 o.s.d.r.config.RepositoryConfigurationDelegate - Finished Spring Data repository scanning in 61ms. Found 0 Redis repository interfaces.
2021-04-15 09:44:53.744 o.s.boot.web.embedded.tomcat.TomcatWebServer - Tomcat initialized with port(s): 18080 (http)
2021-04-15 09:44:53.744 org.apache.coyote.http11.Http11NioProtocol - Initializing ProtocolHandler ["http-nio-18080"]
2021-04-15 09:44:53.744 org.apache.catalina.core.StandardService - Starting service [Tomcat]
2021-04-15 09:44:53.744 org.apache.catalina.core.StandardEngine - Starting Servlet engine: [Apache Tomcat/9.0.39]
2021-04-15 09:44:53.944 o.a.c.core.ContainerBase.[Tomcat].[localhost].[/] - Initializing Spring embedded WebApplicationContext
2021-04-15 09:44:53.944 o.s.b.w.s.c.ServletWebServerApplicationContext - Root WebApplicationContext: initialization completed in 2032 ms
2021-04-15 09:44:55.332 o.s.scheduling.concurrent.ThreadPoolTaskExecutor - Initializing ExecutorService 'applicationTaskExecutor'
2021-04-15 09:44:55.633 org.apache.coyote.http11.Http11NioProtocol - Starting ProtocolHandler ["http-nio-18080"]
2021-04-15 09:44:55.648 o.s.boot.web.embedded.tomcat.TomcatWebServer - Tomcat started on port(s): 18080 (http) with context path ''
2021-04-15 09:44:55.664 com.sunday.remark.RemarkApplication - Started RemarkApplication in 4.653 seconds (JVM running for 5.358)
2021-04-15 09:45:25.839 o.a.c.core.ContainerBase.[Tomcat].[localhost].[/] - Initializing Spring DispatcherServlet 'dispatcherServlet'
2021-04-15 09:45:25.840 org.springframework.web.servlet.DispatcherServlet - Initializing Servlet 'dispatcherServlet'
2021-04-15 09:45:25.847 org.springframework.web.servlet.DispatcherServlet - Completed initialization in 7 ms
2021-04-15 09:47:35.427 o.s.scheduling.concurrent.ThreadPoolTaskExecutor - Shutting down ExecutorService 'applicationTaskExecutor'
2021-04-15 09:50:00.183 com.sunday.remark.RemarkApplication - Starting RemarkApplication on LAPTOP-0K66VC5Q with PID 14456 (C:\Users\lushuntian\Desktop\shuntian\code\remark\target\classes started by lushuntian in C:\Users\lushuntian\Desktop\shuntian\code\remark)
2021-04-15 09:50:00.198 com.sunday.remark.RemarkApplication - No active profile set, falling back to default profiles: default
2021-04-15 09:50:01.011 o.s.d.r.config.RepositoryConfigurationDelegate - Multiple Spring Data modules found, entering strict repository configuration mode!
2021-04-15 09:50:01.027 o.s.d.r.config.RepositoryConfigurationDelegate - Bootstrapping Spring Data Redis repositories in DEFAULT mode.
2021-04-15 09:50:01.111 o.s.d.r.config.RepositoryConfigurationDelegate - Finished Spring Data repository scanning in 58ms. Found 0 Redis repository interfaces.
2021-04-15 09:50:01.915 o.s.boot.web.embedded.tomcat.TomcatWebServer - Tomcat initialized with port(s): 18080 (http)
2021-04-15 09:50:01.934 org.apache.coyote.http11.Http11NioProtocol - Initializing ProtocolHandler ["http-nio-18080"]
2021-04-15 09:50:01.934 org.apache.catalina.core.StandardService - Starting service [Tomcat]
2021-04-15 09:50:01.934 org.apache.catalina.core.StandardEngine - Starting Servlet engine: [Apache Tomcat/9.0.39]
2021-04-15 09:50:02.081 o.a.c.core.ContainerBase.[Tomcat].[localhost].[/] - Initializing Spring embedded WebApplicationContext
2021-04-15 09:50:02.081 o.s.b.w.s.c.ServletWebServerApplicationContext - Root WebApplicationContext: initialization completed in 1820 ms
2021-04-15 09:50:03.399 o.s.scheduling.concurrent.ThreadPoolTaskExecutor - Initializing ExecutorService 'applicationTaskExecutor'
2021-04-15 09:50:03.669 org.apache.coyote.http11.Http11NioProtocol - Starting ProtocolHandler ["http-nio-18080"]
2021-04-15 09:50:03.685 o.s.boot.web.embedded.tomcat.TomcatWebServer - Tomcat started on port(s): 18080 (http) with context path ''
2021-04-15 09:50:03.700 com.sunday.remark.RemarkApplication - Started RemarkApplication in 4.157 seconds (JVM running for 4.802)
2021-04-15 09:50:16.498 o.a.c.core.ContainerBase.[Tomcat].[localhost].[/] - Initializing Spring DispatcherServlet 'dispatcherServlet'
2021-04-15 09:50:16.499 org.springframework.web.servlet.DispatcherServlet - Initializing Servlet 'dispatcherServlet'
2021-04-15 09:50:16.504 org.springframework.web.servlet.DispatcherServlet - Completed initialization in 5 ms
