2021-04-04 22:17:20.575 com.sunday.remark.repository.RemarkRepositoryTest - Starting RemarkRepositoryTest on LAPTOP-0K66VC5Q with PID 6892 (started by lushuntian in C:\Users\lushuntian\Desktop\shuntian\code\remark)
2021-04-04 22:17:20.586 com.sunday.remark.repository.RemarkRepositoryTest - No active profile set, falling back to default profiles: default
2021-04-04 22:17:22.004 o.s.d.r.config.RepositoryConfigurationDelegate - Multiple Spring Data modules found, entering strict repository configuration mode!
2021-04-04 22:17:22.013 o.s.d.r.config.RepositoryConfigurationDelegate - Bootstrapping Spring Data Redis repositories in DEFAULT mode.
2021-04-04 22:17:22.165 o.s.d.r.config.RepositoryConfigurationDelegate - Finished Spring Data repository scanning in 100ms. Found 0 Redis repository interfaces.
2021-04-04 22:17:23.705 com.zaxxer.hikari.HikariDataSource - HikariPool-1 - Starting...
2021-04-04 22:17:24.233 com.zaxxer.hikari.HikariDataSource - HikariPool-1 - Start completed.
2021-04-04 22:17:25.715 o.s.scheduling.concurrent.ThreadPoolTaskExecutor - Initializing ExecutorService 'applicationTaskExecutor'
2021-04-04 22:17:27.488 com.sunday.remark.repository.RemarkRepositoryTest - Started RemarkRepositoryTest in 7.925 seconds (JVM running for 11.185)
2021-04-04 22:17:28.858 o.s.b.t.context.SpringBootTestContextBootstrapper - Neither @ContextConfiguration nor @ContextHierarchy found for test class [com.sunday.remark.service.RemarkServiceTest], using SpringBootContextLoader
2021-04-04 22:17:28.862 o.s.test.context.support.AbstractContextLoader - Could not detect default resource locations for test class [com.sunday.remark.service.RemarkServiceTest]: no resource found for suffixes {-context.xml, Context.groovy}.
2021-04-04 22:17:28.873 o.s.b.t.context.SpringBootTestContextBootstrapper - Loaded default TestExecutionListener class names from location [META-INF/spring.factories]: [org.springframework.boot.test.mock.mockito.MockitoTestExecutionListener, org.springframework.boot.test.mock.mockito.ResetMocksTestExecutionListener, org.springframework.boot.test.autoconfigure.restdocs.RestDocsTestExecutionListener, org.springframework.boot.test.autoconfigure.web.client.MockRestServiceServerResetTestExecutionListener, org.springframework.boot.test.autoconfigure.web.servlet.MockMvcPrintOnlyOnFailureTestExecutionListener, org.springframework.boot.test.autoconfigure.web.servlet.WebDriverTestExecutionListener, org.springframework.boot.test.autoconfigure.webservices.client.MockWebServiceServerTestExecutionListener, org.springframework.test.context.web.ServletTestExecutionListener, org.springframework.test.context.support.DirtiesContextBeforeModesTestExecutionListener, org.springframework.test.context.support.DependencyInjectionTestExecutionListener, org.springframework.test.context.support.DirtiesContextTestExecutionListener, org.springframework.test.context.transaction.TransactionalTestExecutionListener, org.springframework.test.context.jdbc.SqlScriptsTestExecutionListener, org.springframework.test.context.event.EventPublishingTestExecutionListener]
2021-04-04 22:17:28.874 o.s.b.t.context.SpringBootTestContextBootstrapper - Using TestExecutionListeners: [org.springframework.test.context.web.ServletTestExecutionListener@11170228, org.springframework.test.context.support.DirtiesContextBeforeModesTestExecutionListener@46ee7013, org.springframework.boot.test.mock.mockito.MockitoTestExecutionListener@69d58731, org.springframework.boot.test.autoconfigure.SpringBootDependencyInjectionTestExecutionListener@3275a47f, org.springframework.test.context.support.DirtiesContextTestExecutionListener@1b5af65b, org.springframework.test.context.transaction.TransactionalTestExecutionListener@2e0163cb, org.springframework.test.context.jdbc.SqlScriptsTestExecutionListener@6b289535, org.springframework.test.context.event.EventPublishingTestExecutionListener@74619273, org.springframework.boot.test.mock.mockito.ResetMocksTestExecutionListener@38c55a8a, org.springframework.boot.test.autoconfigure.restdocs.RestDocsTestExecutionListener@1d7f7962, org.springframework.boot.test.autoconfigure.web.client.MockRestServiceServerResetTestExecutionListener@32d1d6c5, org.springframework.boot.test.autoconfigure.web.servlet.MockMvcPrintOnlyOnFailureTestExecutionListener@4a5b38e6, org.springframework.boot.test.autoconfigure.web.servlet.WebDriverTestExecutionListener@58583a2d, org.springframework.boot.test.autoconfigure.webservices.client.MockWebServiceServerTestExecutionListener@3e8afc2d]
2021-04-04 22:17:29.003 o.s.b.t.context.SpringBootTestContextBootstrapper - Neither @ContextConfiguration nor @ContextHierarchy found for test class [com.sunday.remark.controller.RemarkControllerTest], using SpringBootContextLoader
2021-04-04 22:17:29.010 o.s.test.context.support.AbstractContextLoader - Could not detect default resource locations for test class [com.sunday.remark.controller.RemarkControllerTest]: no resource found for suffixes {-context.xml, Context.groovy}.
2021-04-04 22:17:29.023 o.s.b.t.context.SpringBootTestContextBootstrapper - Loaded default TestExecutionListener class names from location [META-INF/spring.factories]: [org.springframework.boot.test.mock.mockito.MockitoTestExecutionListener, org.springframework.boot.test.mock.mockito.ResetMocksTestExecutionListener, org.springframework.boot.test.autoconfigure.restdocs.RestDocsTestExecutionListener, org.springframework.boot.test.autoconfigure.web.client.MockRestServiceServerResetTestExecutionListener, org.springframework.boot.test.autoconfigure.web.servlet.MockMvcPrintOnlyOnFailureTestExecutionListener, org.springframework.boot.test.autoconfigure.web.servlet.WebDriverTestExecutionListener, org.springframework.boot.test.autoconfigure.webservices.client.MockWebServiceServerTestExecutionListener, org.springframework.test.context.web.ServletTestExecutionListener, org.springframework.test.context.support.DirtiesContextBeforeModesTestExecutionListener, org.springframework.test.context.support.DependencyInjectionTestExecutionListener, org.springframework.test.context.support.DirtiesContextTestExecutionListener, org.springframework.test.context.transaction.TransactionalTestExecutionListener, org.springframework.test.context.jdbc.SqlScriptsTestExecutionListener, org.springframework.test.context.event.EventPublishingTestExecutionListener]
2021-04-04 22:17:29.023 o.s.b.t.context.SpringBootTestContextBootstrapper - Using TestExecutionListeners: [org.springframework.test.context.web.ServletTestExecutionListener@14ca88bc, org.springframework.test.context.support.DirtiesContextBeforeModesTestExecutionListener@f01fc6d, org.springframework.boot.test.mock.mockito.MockitoTestExecutionListener@85cd413, org.springframework.boot.test.autoconfigure.SpringBootDependencyInjectionTestExecutionListener@688d2a5d, org.springframework.test.context.support.DirtiesContextTestExecutionListener@2842c098, org.springframework.test.context.transaction.TransactionalTestExecutionListener@2820b369, org.springframework.test.context.jdbc.SqlScriptsTestExecutionListener@46b21632, org.springframework.test.context.event.EventPublishingTestExecutionListener@476c137b, org.springframework.boot.test.mock.mockito.ResetMocksTestExecutionListener@79144d0e, org.springframework.boot.test.autoconfigure.restdocs.RestDocsTestExecutionListener@540212be, org.springframework.boot.test.autoconfigure.web.client.MockRestServiceServerResetTestExecutionListener@2579d8a, org.springframework.boot.test.autoconfigure.web.servlet.MockMvcPrintOnlyOnFailureTestExecutionListener@2507a170, org.springframework.boot.test.autoconfigure.web.servlet.WebDriverTestExecutionListener@7e20f4e3, org.springframework.boot.test.autoconfigure.webservices.client.MockWebServiceServerTestExecutionListener@3af39e7b]
2021-04-04 22:17:29.076 o.s.b.test.mock.web.SpringBootMockServletContext - Initializing Spring TestDispatcherServlet ''
2021-04-04 22:17:29.076 o.s.test.web.servlet.TestDispatcherServlet - Initializing Servlet ''
2021-04-04 22:17:29.129 o.s.test.web.servlet.TestDispatcherServlet - Completed initialization in 53 ms
2021-04-04 22:17:29.721 c.s.r.controller.aspect.CommonControllerAdvice - assert error:内容不能少于10字
2021-04-04 22:17:29.741 c.s.r.controller.aspect.CommonControllerAdvice - assert error:用户id不能为空
2021-04-04 22:17:29.750 c.s.r.controller.aspect.CommonControllerAdvice - assert error:内容不能少于10字
2021-04-04 22:17:29.754 c.s.r.controller.aspect.CommonControllerAdvice - assert error:评分不合规
2021-04-04 22:17:29.824 org.springframework.mock.web.MockServletContext - Initializing Spring TestDispatcherServlet ''
2021-04-04 22:17:29.826 o.s.test.web.servlet.TestDispatcherServlet - Initializing Servlet ''
2021-04-04 22:17:29.827 o.s.test.web.servlet.TestDispatcherServlet - Completed initialization in 1 ms
2021-04-04 22:17:29.852 o.s.b.t.context.SpringBootTestContextBootstrapper - Neither @ContextConfiguration nor @ContextHierarchy found for test class [com.sunday.remark.RemarkApplicationTests], using SpringBootContextLoader
2021-04-04 22:17:29.856 o.s.test.context.support.AbstractContextLoader - Could not detect default resource locations for test class [com.sunday.remark.RemarkApplicationTests]: no resource found for suffixes {-context.xml, Context.groovy}.
2021-04-04 22:17:29.866 o.s.b.t.context.SpringBootTestContextBootstrapper - Loaded default TestExecutionListener class names from location [META-INF/spring.factories]: [org.springframework.boot.test.mock.mockito.MockitoTestExecutionListener, org.springframework.boot.test.mock.mockito.ResetMocksTestExecutionListener, org.springframework.boot.test.autoconfigure.restdocs.RestDocsTestExecutionListener, org.springframework.boot.test.autoconfigure.web.client.MockRestServiceServerResetTestExecutionListener, org.springframework.boot.test.autoconfigure.web.servlet.MockMvcPrintOnlyOnFailureTestExecutionListener, org.springframework.boot.test.autoconfigure.web.servlet.WebDriverTestExecutionListener, org.springframework.boot.test.autoconfigure.webservices.client.MockWebServiceServerTestExecutionListener, org.springframework.test.context.web.ServletTestExecutionListener, org.springframework.test.context.support.DirtiesContextBeforeModesTestExecutionListener, org.springframework.test.context.support.DependencyInjectionTestExecutionListener, org.springframework.test.context.support.DirtiesContextTestExecutionListener, org.springframework.test.context.transaction.TransactionalTestExecutionListener, org.springframework.test.context.jdbc.SqlScriptsTestExecutionListener, org.springframework.test.context.event.EventPublishingTestExecutionListener]
2021-04-04 22:17:29.868 o.s.b.t.context.SpringBootTestContextBootstrapper - Using TestExecutionListeners: [org.springframework.test.context.web.ServletTestExecutionListener@663622b1, org.springframework.test.context.support.DirtiesContextBeforeModesTestExecutionListener@1be52113, org.springframework.boot.test.mock.mockito.MockitoTestExecutionListener@5badeda0, org.springframework.boot.test.autoconfigure.SpringBootDependencyInjectionTestExecutionListener@56a9a7b5, org.springframework.test.context.support.DirtiesContextTestExecutionListener@1dd247b, org.springframework.test.context.transaction.TransactionalTestExecutionListener@338270ea, org.springframework.test.context.jdbc.SqlScriptsTestExecutionListener@7f64bd7, org.springframework.test.context.event.EventPublishingTestExecutionListener@1c79d093, org.springframework.boot.test.mock.mockito.ResetMocksTestExecutionListener@746fd19b, org.springframework.boot.test.autoconfigure.restdocs.RestDocsTestExecutionListener@54caeadc, org.springframework.boot.test.autoconfigure.web.client.MockRestServiceServerResetTestExecutionListener@61d7bb61, org.springframework.boot.test.autoconfigure.web.servlet.MockMvcPrintOnlyOnFailureTestExecutionListener@33f81280, org.springframework.boot.test.autoconfigure.web.servlet.WebDriverTestExecutionListener@3991fe6d, org.springframework.boot.test.autoconfigure.webservices.client.MockWebServiceServerTestExecutionListener@3a0e7f89]
2021-04-04 22:17:29.963 o.s.scheduling.concurrent.ThreadPoolTaskExecutor - Shutting down ExecutorService 'applicationTaskExecutor'
2021-04-04 22:17:29.968 com.zaxxer.hikari.HikariDataSource - HikariPool-1 - Shutdown initiated...
2021-04-04 22:17:29.980 com.zaxxer.hikari.HikariDataSource - HikariPool-1 - Shutdown completed.
2021-04-04 22:21:38.459 com.sunday.remark.repository.RemarkRepositoryTest - Starting RemarkRepositoryTest on LAPTOP-0K66VC5Q with PID 23112 (started by lushuntian in C:\Users\lushuntian\Desktop\shuntian\code\remark)
2021-04-04 22:21:38.462 com.sunday.remark.repository.RemarkRepositoryTest - No active profile set, falling back to default profiles: default
2021-04-04 22:21:39.812 o.s.d.r.config.RepositoryConfigurationDelegate - Multiple Spring Data modules found, entering strict repository configuration mode!
2021-04-04 22:21:39.816 o.s.d.r.config.RepositoryConfigurationDelegate - Bootstrapping Spring Data Redis repositories in DEFAULT mode.
2021-04-04 22:21:39.947 o.s.d.r.config.RepositoryConfigurationDelegate - Finished Spring Data repository scanning in 84ms. Found 0 Redis repository interfaces.
2021-04-04 22:21:41.555 com.zaxxer.hikari.HikariDataSource - HikariPool-1 - Starting...
2021-04-04 22:21:42.319 com.zaxxer.hikari.HikariDataSource - HikariPool-1 - Start completed.
2021-04-04 22:21:43.914 o.s.scheduling.concurrent.ThreadPoolTaskExecutor - Initializing ExecutorService 'applicationTaskExecutor'
2021-04-04 22:21:45.385 com.sunday.remark.repository.RemarkRepositoryTest - Started RemarkRepositoryTest in 7.998 seconds (JVM running for 10.325)
2021-04-04 22:21:46.522 o.s.b.t.context.SpringBootTestContextBootstrapper - Neither @ContextConfiguration nor @ContextHierarchy found for test class [com.sunday.remark.service.RemarkServiceTest], using SpringBootContextLoader
2021-04-04 22:21:46.526 o.s.test.context.support.AbstractContextLoader - Could not detect default resource locations for test class [com.sunday.remark.service.RemarkServiceTest]: no resource found for suffixes {-context.xml, Context.groovy}.
2021-04-04 22:21:46.539 o.s.b.t.context.SpringBootTestContextBootstrapper - Loaded default TestExecutionListener class names from location [META-INF/spring.factories]: [org.springframework.boot.test.mock.mockito.MockitoTestExecutionListener, org.springframework.boot.test.mock.mockito.ResetMocksTestExecutionListener, org.springframework.boot.test.autoconfigure.restdocs.RestDocsTestExecutionListener, org.springframework.boot.test.autoconfigure.web.client.MockRestServiceServerResetTestExecutionListener, org.springframework.boot.test.autoconfigure.web.servlet.MockMvcPrintOnlyOnFailureTestExecutionListener, org.springframework.boot.test.autoconfigure.web.servlet.WebDriverTestExecutionListener, org.springframework.boot.test.autoconfigure.webservices.client.MockWebServiceServerTestExecutionListener, org.springframework.test.context.web.ServletTestExecutionListener, org.springframework.test.context.support.DirtiesContextBeforeModesTestExecutionListener, org.springframework.test.context.support.DependencyInjectionTestExecutionListener, org.springframework.test.context.support.DirtiesContextTestExecutionListener, org.springframework.test.context.transaction.TransactionalTestExecutionListener, org.springframework.test.context.jdbc.SqlScriptsTestExecutionListener, org.springframework.test.context.event.EventPublishingTestExecutionListener]
2021-04-04 22:21:46.542 o.s.b.t.context.SpringBootTestContextBootstrapper - Using TestExecutionListeners: [org.springframework.test.context.web.ServletTestExecutionListener@4d4c4b14, org.springframework.test.context.support.DirtiesContextBeforeModesTestExecutionListener@49925d21, org.springframework.boot.test.mock.mockito.MockitoTestExecutionListener@11170228, org.springframework.boot.test.autoconfigure.SpringBootDependencyInjectionTestExecutionListener@46ee7013, org.springframework.test.context.support.DirtiesContextTestExecutionListener@69d58731, org.springframework.test.context.transaction.TransactionalTestExecutionListener@3275a47f, org.springframework.test.context.jdbc.SqlScriptsTestExecutionListener@1b5af65b, org.springframework.test.context.event.EventPublishingTestExecutionListener@2e0163cb, org.springframework.boot.test.mock.mockito.ResetMocksTestExecutionListener@6b289535, org.springframework.boot.test.autoconfigure.restdocs.RestDocsTestExecutionListener@74619273, org.springframework.boot.test.autoconfigure.web.client.MockRestServiceServerResetTestExecutionListener@38c55a8a, org.springframework.boot.test.autoconfigure.web.servlet.MockMvcPrintOnlyOnFailureTestExecutionListener@1d7f7962, org.springframework.boot.test.autoconfigure.web.servlet.WebDriverTestExecutionListener@32d1d6c5, org.springframework.boot.test.autoconfigure.webservices.client.MockWebServiceServerTestExecutionListener@4a5b38e6]
2021-04-04 22:21:46.662 o.s.b.t.context.SpringBootTestContextBootstrapper - Neither @ContextConfiguration nor @ContextHierarchy found for test class [com.sunday.remark.controller.RemarkControllerTest], using SpringBootContextLoader
2021-04-04 22:21:46.668 o.s.test.context.support.AbstractContextLoader - Could not detect default resource locations for test class [com.sunday.remark.controller.RemarkControllerTest]: no resource found for suffixes {-context.xml, Context.groovy}.
2021-04-04 22:21:46.678 o.s.b.t.context.SpringBootTestContextBootstrapper - Loaded default TestExecutionListener class names from location [META-INF/spring.factories]: [org.springframework.boot.test.mock.mockito.MockitoTestExecutionListener, org.springframework.boot.test.mock.mockito.ResetMocksTestExecutionListener, org.springframework.boot.test.autoconfigure.restdocs.RestDocsTestExecutionListener, org.springframework.boot.test.autoconfigure.web.client.MockRestServiceServerResetTestExecutionListener, org.springframework.boot.test.autoconfigure.web.servlet.MockMvcPrintOnlyOnFailureTestExecutionListener, org.springframework.boot.test.autoconfigure.web.servlet.WebDriverTestExecutionListener, org.springframework.boot.test.autoconfigure.webservices.client.MockWebServiceServerTestExecutionListener, org.springframework.test.context.web.ServletTestExecutionListener, org.springframework.test.context.support.DirtiesContextBeforeModesTestExecutionListener, org.springframework.test.context.support.DependencyInjectionTestExecutionListener, org.springframework.test.context.support.DirtiesContextTestExecutionListener, org.springframework.test.context.transaction.TransactionalTestExecutionListener, org.springframework.test.context.jdbc.SqlScriptsTestExecutionListener, org.springframework.test.context.event.EventPublishingTestExecutionListener]
2021-04-04 22:21:46.679 o.s.b.t.context.SpringBootTestContextBootstrapper - Using TestExecutionListeners: [org.springframework.test.context.web.ServletTestExecutionListener@f01fc6d, org.springframework.test.context.support.DirtiesContextBeforeModesTestExecutionListener@85cd413, org.springframework.boot.test.mock.mockito.MockitoTestExecutionListener@688d2a5d, org.springframework.boot.test.autoconfigure.SpringBootDependencyInjectionTestExecutionListener@2842c098, org.springframework.test.context.support.DirtiesContextTestExecutionListener@2820b369, org.springframework.test.context.transaction.TransactionalTestExecutionListener@46b21632, org.springframework.test.context.jdbc.SqlScriptsTestExecutionListener@476c137b, org.springframework.test.context.event.EventPublishingTestExecutionListener@79144d0e, org.springframework.boot.test.mock.mockito.ResetMocksTestExecutionListener@540212be, org.springframework.boot.test.autoconfigure.restdocs.RestDocsTestExecutionListener@2579d8a, org.springframework.boot.test.autoconfigure.web.client.MockRestServiceServerResetTestExecutionListener@2507a170, org.springframework.boot.test.autoconfigure.web.servlet.MockMvcPrintOnlyOnFailureTestExecutionListener@7e20f4e3, org.springframework.boot.test.autoconfigure.web.servlet.WebDriverTestExecutionListener@3af39e7b, org.springframework.boot.test.autoconfigure.webservices.client.MockWebServiceServerTestExecutionListener@4f6ff62]
2021-04-04 22:21:46.708 o.s.b.test.mock.web.SpringBootMockServletContext - Initializing Spring TestDispatcherServlet ''
2021-04-04 22:21:46.708 o.s.test.web.servlet.TestDispatcherServlet - Initializing Servlet ''
2021-04-04 22:21:46.747 o.s.test.web.servlet.TestDispatcherServlet - Completed initialization in 38 ms
2021-04-04 22:21:47.197 o.s.b.t.context.SpringBootTestContextBootstrapper - Neither @ContextConfiguration nor @ContextHierarchy found for test class [com.sunday.remark.RemarkApplicationTests], using SpringBootContextLoader
2021-04-04 22:21:47.203 o.s.test.context.support.AbstractContextLoader - Could not detect default resource locations for test class [com.sunday.remark.RemarkApplicationTests]: no resource found for suffixes {-context.xml, Context.groovy}.
2021-04-04 22:21:47.207 o.s.b.t.context.SpringBootTestContextBootstrapper - Loaded default TestExecutionListener class names from location [META-INF/spring.factories]: [org.springframework.boot.test.mock.mockito.MockitoTestExecutionListener, org.springframework.boot.test.mock.mockito.ResetMocksTestExecutionListener, org.springframework.boot.test.autoconfigure.restdocs.RestDocsTestExecutionListener, org.springframework.boot.test.autoconfigure.web.client.MockRestServiceServerResetTestExecutionListener, org.springframework.boot.test.autoconfigure.web.servlet.MockMvcPrintOnlyOnFailureTestExecutionListener, org.springframework.boot.test.autoconfigure.web.servlet.WebDriverTestExecutionListener, org.springframework.boot.test.autoconfigure.webservices.client.MockWebServiceServerTestExecutionListener, org.springframework.test.context.web.ServletTestExecutionListener, org.springframework.test.context.support.DirtiesContextBeforeModesTestExecutionListener, org.springframework.test.context.support.DependencyInjectionTestExecutionListener, org.springframework.test.context.support.DirtiesContextTestExecutionListener, org.springframework.test.context.transaction.TransactionalTestExecutionListener, org.springframework.test.context.jdbc.SqlScriptsTestExecutionListener, org.springframework.test.context.event.EventPublishingTestExecutionListener]
2021-04-04 22:21:47.212 o.s.b.t.context.SpringBootTestContextBootstrapper - Using TestExecutionListeners: [org.springframework.test.context.web.ServletTestExecutionListener@23d060c2, org.springframework.test.context.support.DirtiesContextBeforeModesTestExecutionListener@59278072, org.springframework.boot.test.mock.mockito.MockitoTestExecutionListener@61be6051, org.springframework.boot.test.autoconfigure.SpringBootDependencyInjectionTestExecutionListener@13c18bba, org.springframework.test.context.support.DirtiesContextTestExecutionListener@33373f70, org.springframework.test.context.transaction.TransactionalTestExecutionListener@56f61d74, org.springframework.test.context.jdbc.SqlScriptsTestExecutionListener@44d84313, org.springframework.test.context.event.EventPublishingTestExecutionListener@5bdb9c69, org.springframework.boot.test.mock.mockito.ResetMocksTestExecutionListener@511de4dd, org.springframework.boot.test.autoconfigure.restdocs.RestDocsTestExecutionListener@37e64e37, org.springframework.boot.test.autoconfigure.web.client.MockRestServiceServerResetTestExecutionListener@31204303, org.springframework.boot.test.autoconfigure.web.servlet.MockMvcPrintOnlyOnFailureTestExecutionListener@369fb99a, org.springframework.boot.test.autoconfigure.web.servlet.WebDriverTestExecutionListener@81a8898, org.springframework.boot.test.autoconfigure.webservices.client.MockWebServiceServerTestExecutionListener@d08f85a]
2021-04-04 22:21:47.272 o.s.scheduling.concurrent.ThreadPoolTaskExecutor - Shutting down ExecutorService 'applicationTaskExecutor'
2021-04-04 22:21:47.275 com.zaxxer.hikari.HikariDataSource - HikariPool-1 - Shutdown initiated...
2021-04-04 22:21:47.280 com.zaxxer.hikari.HikariDataSource - HikariPool-1 - Shutdown completed.
2021-04-04 22:34:08.662 com.sunday.remark.repository.RemarkRepositoryTest - Starting RemarkRepositoryTest on LAPTOP-0K66VC5Q with PID 17680 (started by lushuntian in C:\Users\lushuntian\Desktop\shuntian\code\remark)
2021-04-04 22:34:08.667 com.sunday.remark.repository.RemarkRepositoryTest - No active profile set, falling back to default profiles: default
2021-04-04 22:34:10.116 o.s.d.r.config.RepositoryConfigurationDelegate - Multiple Spring Data modules found, entering strict repository configuration mode!
2021-04-04 22:34:10.126 o.s.d.r.config.RepositoryConfigurationDelegate - Bootstrapping Spring Data Redis repositories in DEFAULT mode.
2021-04-04 22:34:10.293 o.s.d.r.config.RepositoryConfigurationDelegate - Finished Spring Data repository scanning in 106ms. Found 0 Redis repository interfaces.
2021-04-04 22:34:11.625 com.zaxxer.hikari.HikariDataSource - HikariPool-1 - Starting...
2021-04-04 22:34:12.202 com.zaxxer.hikari.HikariDataSource - HikariPool-1 - Start completed.
2021-04-04 22:34:13.794 o.s.scheduling.concurrent.ThreadPoolTaskExecutor - Initializing ExecutorService 'applicationTaskExecutor'
2021-04-04 22:34:15.335 com.sunday.remark.repository.RemarkRepositoryTest - Started RemarkRepositoryTest in 7.679 seconds (JVM running for 10.083)
2021-04-04 22:34:16.290 o.s.scheduling.concurrent.ThreadPoolTaskExecutor - Shutting down ExecutorService 'applicationTaskExecutor'
2021-04-04 22:34:16.291 com.zaxxer.hikari.HikariDataSource - HikariPool-1 - Shutdown initiated...
2021-04-04 22:34:16.294 com.zaxxer.hikari.HikariDataSource - HikariPool-1 - Shutdown completed.
2021-04-04 22:46:00.722 com.sunday.remark.service.RemarkServiceTest - Starting RemarkServiceTest on LAPTOP-0K66VC5Q with PID 12068 (started by lushuntian in C:\Users\lushuntian\Desktop\shuntian\code\remark)
2021-04-04 22:46:00.725 com.sunday.remark.service.RemarkServiceTest - No active profile set, falling back to default profiles: default
2021-04-04 22:46:02.082 o.s.d.r.config.RepositoryConfigurationDelegate - Multiple Spring Data modules found, entering strict repository configuration mode!
2021-04-04 22:46:02.092 o.s.d.r.config.RepositoryConfigurationDelegate - Bootstrapping Spring Data Redis repositories in DEFAULT mode.
2021-04-04 22:46:02.211 o.s.d.r.config.RepositoryConfigurationDelegate - Finished Spring Data repository scanning in 76ms. Found 0 Redis repository interfaces.
2021-04-04 22:46:03.774 com.zaxxer.hikari.HikariDataSource - HikariPool-1 - Starting...
2021-04-04 22:46:04.277 com.zaxxer.hikari.HikariDataSource - HikariPool-1 - Start completed.
2021-04-04 22:46:05.515 o.s.scheduling.concurrent.ThreadPoolTaskExecutor - Initializing ExecutorService 'applicationTaskExecutor'
2021-04-04 22:46:07.034 com.sunday.remark.service.RemarkServiceTest - Started RemarkServiceTest in 7.375 seconds (JVM running for 9.787)
2021-04-04 22:46:08.352 o.s.scheduling.concurrent.ThreadPoolTaskExecutor - Shutting down ExecutorService 'applicationTaskExecutor'
2021-04-04 22:46:08.354 com.zaxxer.hikari.HikariDataSource - HikariPool-1 - Shutdown initiated...
2021-04-04 22:46:08.359 com.zaxxer.hikari.HikariDataSource - HikariPool-1 - Shutdown completed.
2021-04-04 23:03:51.231 com.sunday.remark.controller.RemarkControllerTest - Starting RemarkControllerTest on LAPTOP-0K66VC5Q with PID 17488 (started by lushuntian in C:\Users\lushuntian\Desktop\shuntian\code\remark)
2021-04-04 23:03:51.234 com.sunday.remark.controller.RemarkControllerTest - No active profile set, falling back to default profiles: default
2021-04-04 23:03:53.173 o.s.d.r.config.RepositoryConfigurationDelegate - Multiple Spring Data modules found, entering strict repository configuration mode!
2021-04-04 23:03:53.176 o.s.d.r.config.RepositoryConfigurationDelegate - Bootstrapping Spring Data Redis repositories in DEFAULT mode.
2021-04-04 23:03:53.275 o.s.d.r.config.RepositoryConfigurationDelegate - Finished Spring Data repository scanning in 61ms. Found 0 Redis repository interfaces.
2021-04-04 23:03:54.573 com.zaxxer.hikari.HikariDataSource - HikariPool-1 - Starting...
2021-04-04 23:03:55.226 com.zaxxer.hikari.HikariDataSource - HikariPool-1 - Start completed.
2021-04-04 23:03:56.626 o.s.scheduling.concurrent.ThreadPoolTaskExecutor - Initializing ExecutorService 'applicationTaskExecutor'
2021-04-04 23:03:58.442 com.sunday.remark.controller.RemarkControllerTest - Started RemarkControllerTest in 8.264 seconds (JVM running for 10.819)
2021-04-04 23:03:59.823 o.s.b.test.mock.web.SpringBootMockServletContext - Initializing Spring TestDispatcherServlet ''
2021-04-04 23:03:59.825 o.s.test.web.servlet.TestDispatcherServlet - Initializing Servlet ''
2021-04-04 23:03:59.877 o.s.test.web.servlet.TestDispatcherServlet - Completed initialization in 51 ms
2021-04-04 23:04:00.270 o.s.scheduling.concurrent.ThreadPoolTaskExecutor - Shutting down ExecutorService 'applicationTaskExecutor'
2021-04-04 23:04:00.271 com.zaxxer.hikari.HikariDataSource - HikariPool-1 - Shutdown initiated...
2021-04-04 23:04:00.275 com.zaxxer.hikari.HikariDataSource - HikariPool-1 - Shutdown completed.
2021-04-04 23:08:32.217 com.sunday.remark.controller.RemarkControllerTest - Starting RemarkControllerTest on LAPTOP-0K66VC5Q with PID 10720 (started by lushuntian in C:\Users\lushuntian\Desktop\shuntian\code\remark)
2021-04-04 23:08:32.224 com.sunday.remark.controller.RemarkControllerTest - No active profile set, falling back to default profiles: default
2021-04-04 23:08:34.086 o.s.d.r.config.RepositoryConfigurationDelegate - Multiple Spring Data modules found, entering strict repository configuration mode!
2021-04-04 23:08:34.097 o.s.d.r.config.RepositoryConfigurationDelegate - Bootstrapping Spring Data Redis repositories in DEFAULT mode.
2021-04-04 23:08:34.196 o.s.d.r.config.RepositoryConfigurationDelegate - Finished Spring Data repository scanning in 53ms. Found 0 Redis repository interfaces.
2021-04-04 23:08:35.404 com.zaxxer.hikari.HikariDataSource - HikariPool-1 - Starting...
2021-04-04 23:08:36.126 com.zaxxer.hikari.HikariDataSource - HikariPool-1 - Start completed.
2021-04-04 23:08:37.272 o.s.scheduling.concurrent.ThreadPoolTaskExecutor - Initializing ExecutorService 'applicationTaskExecutor'
2021-04-04 23:08:38.740 com.sunday.remark.controller.RemarkControllerTest - Started RemarkControllerTest in 7.4 seconds (JVM running for 9.871)
2021-04-04 23:08:39.884 o.s.b.test.mock.web.SpringBootMockServletContext - Initializing Spring TestDispatcherServlet ''
2021-04-04 23:08:39.886 o.s.test.web.servlet.TestDispatcherServlet - Initializing Servlet ''
2021-04-04 23:08:39.921 o.s.test.web.servlet.TestDispatcherServlet - Completed initialization in 34 ms
2021-04-04 23:08:40.389 o.s.scheduling.concurrent.ThreadPoolTaskExecutor - Shutting down ExecutorService 'applicationTaskExecutor'
2021-04-04 23:08:40.390 com.zaxxer.hikari.HikariDataSource - HikariPool-1 - Shutdown initiated...
2021-04-04 23:08:40.393 com.zaxxer.hikari.HikariDataSource - HikariPool-1 - Shutdown completed.
2021-04-04 23:11:04.377 com.sunday.remark.controller.RemarkControllerTest - Starting RemarkControllerTest on LAPTOP-0K66VC5Q with PID 20416 (started by lushuntian in C:\Users\lushuntian\Desktop\shuntian\code\remark)
2021-04-04 23:11:04.379 com.sunday.remark.controller.RemarkControllerTest - No active profile set, falling back to default profiles: default
2021-04-04 23:11:06.016 o.s.d.r.config.RepositoryConfigurationDelegate - Multiple Spring Data modules found, entering strict repository configuration mode!
2021-04-04 23:11:06.022 o.s.d.r.config.RepositoryConfigurationDelegate - Bootstrapping Spring Data Redis repositories in DEFAULT mode.
2021-04-04 23:11:06.138 o.s.d.r.config.RepositoryConfigurationDelegate - Finished Spring Data repository scanning in 74ms. Found 0 Redis repository interfaces.
2021-04-04 23:11:07.311 com.zaxxer.hikari.HikariDataSource - HikariPool-1 - Starting...
2021-04-04 23:11:07.793 com.zaxxer.hikari.HikariDataSource - HikariPool-1 - Start completed.
2021-04-04 23:11:08.951 o.s.scheduling.concurrent.ThreadPoolTaskExecutor - Initializing ExecutorService 'applicationTaskExecutor'
2021-04-04 23:11:10.400 com.sunday.remark.controller.RemarkControllerTest - Started RemarkControllerTest in 6.661 seconds (JVM running for 9.053)
2021-04-04 23:11:11.195 o.s.b.test.mock.web.SpringBootMockServletContext - Initializing Spring TestDispatcherServlet ''
2021-04-04 23:11:11.196 o.s.test.web.servlet.TestDispatcherServlet - Initializing Servlet ''
2021-04-04 23:11:11.227 o.s.test.web.servlet.TestDispatcherServlet - Completed initialization in 30 ms
2021-04-04 23:11:11.663 o.s.scheduling.concurrent.ThreadPoolTaskExecutor - Shutting down ExecutorService 'applicationTaskExecutor'
2021-04-04 23:11:11.664 com.zaxxer.hikari.HikariDataSource - HikariPool-1 - Shutdown initiated...
2021-04-04 23:11:11.668 com.zaxxer.hikari.HikariDataSource - HikariPool-1 - Shutdown completed.
2021-04-04 23:16:06.433 com.sunday.remark.controller.RemarkControllerTest - Starting RemarkControllerTest on LAPTOP-0K66VC5Q with PID 2116 (started by lushuntian in C:\Users\lushuntian\Desktop\shuntian\code\remark)
2021-04-04 23:16:06.436 com.sunday.remark.controller.RemarkControllerTest - No active profile set, falling back to default profiles: default
2021-04-04 23:16:07.963 o.s.d.r.config.RepositoryConfigurationDelegate - Multiple Spring Data modules found, entering strict repository configuration mode!
2021-04-04 23:16:07.977 o.s.d.r.config.RepositoryConfigurationDelegate - Bootstrapping Spring Data Redis repositories in DEFAULT mode.
2021-04-04 23:16:08.081 o.s.d.r.config.RepositoryConfigurationDelegate - Finished Spring Data repository scanning in 53ms. Found 0 Redis repository interfaces.
2021-04-04 23:16:09.182 com.zaxxer.hikari.HikariDataSource - HikariPool-1 - Starting...
2021-04-04 23:16:09.732 com.zaxxer.hikari.HikariDataSource - HikariPool-1 - Start completed.
2021-04-04 23:16:11.158 o.s.scheduling.concurrent.ThreadPoolTaskExecutor - Initializing ExecutorService 'applicationTaskExecutor'
2021-04-04 23:16:12.571 com.sunday.remark.controller.RemarkControllerTest - Started RemarkControllerTest in 7.073 seconds (JVM running for 9.787)
2021-04-04 23:16:13.473 o.s.b.test.mock.web.SpringBootMockServletContext - Initializing Spring TestDispatcherServlet ''
2021-04-04 23:16:13.477 o.s.test.web.servlet.TestDispatcherServlet - Initializing Servlet ''
2021-04-04 23:16:13.504 o.s.test.web.servlet.TestDispatcherServlet - Completed initialization in 27 ms
2021-04-04 23:16:13.868 o.s.scheduling.concurrent.ThreadPoolTaskExecutor - Shutting down ExecutorService 'applicationTaskExecutor'
2021-04-04 23:16:13.868 com.zaxxer.hikari.HikariDataSource - HikariPool-1 - Shutdown initiated...
2021-04-04 23:16:13.872 com.zaxxer.hikari.HikariDataSource - HikariPool-1 - Shutdown completed.
