2021-04-08 10:13:08.478 com.sunday.remark.repository.RemarkRepositoryTest - Starting RemarkRepositoryTest on LAPTOP-0K66VC5Q with PID 7748 (started by lushuntian in C:\Users\lushuntian\Desktop\shuntian\code\remark)
2021-04-08 10:13:08.483 com.sunday.remark.repository.RemarkRepositoryTest - No active profile set, falling back to default profiles: default
2021-04-08 10:13:09.306 o.s.d.r.config.RepositoryConfigurationDelegate - Multiple Spring Data modules found, entering strict repository configuration mode!
2021-04-08 10:13:09.310 o.s.d.r.config.RepositoryConfigurationDelegate - Bootstrapping Spring Data Redis repositories in DEFAULT mode.
2021-04-08 10:13:09.366 o.s.d.r.config.RepositoryConfigurationDelegate - Finished Spring Data repository scanning in 32ms. Found 0 Redis repository interfaces.
2021-04-08 10:13:09.961 com.zaxxer.hikari.HikariDataSource - HikariPool-1 - Starting...
2021-04-08 10:13:10.231 com.zaxxer.hikari.HikariDataSource - HikariPool-1 - Start completed.
2021-04-08 10:13:11.400 o.s.scheduling.concurrent.ThreadPoolTaskExecutor - Initializing ExecutorService 'applicationTaskExecutor'
2021-04-08 10:13:11.978 com.sunday.remark.repository.RemarkRepositoryTest - Started RemarkRepositoryTest in 3.912 seconds (JVM running for 5.417)
2021-04-08 10:13:12.693 o.s.b.t.context.SpringBootTestContextBootstrapper - Neither @ContextConfiguration nor @ContextHierarchy found for test class [com.sunday.remark.repository.RedisRepositoryTest], using SpringBootContextLoader
2021-04-08 10:13:12.695 o.s.test.context.support.AbstractContextLoader - Could not detect default resource locations for test class [com.sunday.remark.repository.RedisRepositoryTest]: no resource found for suffixes {-context.xml, Context.groovy}.
2021-04-08 10:13:12.700 o.s.b.t.context.SpringBootTestContextBootstrapper - Loaded default TestExecutionListener class names from location [META-INF/spring.factories]: [org.springframework.boot.test.mock.mockito.MockitoTestExecutionListener, org.springframework.boot.test.mock.mockito.ResetMocksTestExecutionListener, org.springframework.boot.test.autoconfigure.restdocs.RestDocsTestExecutionListener, org.springframework.boot.test.autoconfigure.web.client.MockRestServiceServerResetTestExecutionListener, org.springframework.boot.test.autoconfigure.web.servlet.MockMvcPrintOnlyOnFailureTestExecutionListener, org.springframework.boot.test.autoconfigure.web.servlet.WebDriverTestExecutionListener, org.springframework.boot.test.autoconfigure.webservices.client.MockWebServiceServerTestExecutionListener, org.springframework.test.context.web.ServletTestExecutionListener, org.springframework.test.context.support.DirtiesContextBeforeModesTestExecutionListener, org.springframework.test.context.support.DependencyInjectionTestExecutionListener, org.springframework.test.context.support.DirtiesContextTestExecutionListener, org.springframework.test.context.transaction.TransactionalTestExecutionListener, org.springframework.test.context.jdbc.SqlScriptsTestExecutionListener, org.springframework.test.context.event.EventPublishingTestExecutionListener]
2021-04-08 10:13:12.701 o.s.b.t.context.SpringBootTestContextBootstrapper - Using TestExecutionListeners: [org.springframework.test.context.web.ServletTestExecutionListener@42066f0d, org.springframework.test.context.support.DirtiesContextBeforeModesTestExecutionListener@687e561b, org.springframework.boot.test.mock.mockito.MockitoTestExecutionListener@299786b1, org.springframework.boot.test.autoconfigure.SpringBootDependencyInjectionTestExecutionListener@75f8d9b0, org.springframework.test.context.support.DirtiesContextTestExecutionListener@4f7ae05, org.springframework.test.context.transaction.TransactionalTestExecutionListener@1e23ee0e, org.springframework.test.context.jdbc.SqlScriptsTestExecutionListener@b144175, org.springframework.test.context.event.EventPublishingTestExecutionListener@38923cfe, org.springframework.boot.test.mock.mockito.ResetMocksTestExecutionListener@1ac3a6f, org.springframework.boot.test.autoconfigure.restdocs.RestDocsTestExecutionListener@fee7ca, org.springframework.boot.test.autoconfigure.web.client.MockRestServiceServerResetTestExecutionListener@29c80149, org.springframework.boot.test.autoconfigure.web.servlet.MockMvcPrintOnlyOnFailureTestExecutionListener@14ad42, org.springframework.boot.test.autoconfigure.web.servlet.WebDriverTestExecutionListener@608b906d, org.springframework.boot.test.autoconfigure.webservices.client.MockWebServiceServerTestExecutionListener@173cfb01]
2021-04-08 10:13:16.252 o.s.b.t.context.SpringBootTestContextBootstrapper - Neither @ContextConfiguration nor @ContextHierarchy found for test class [com.sunday.remark.service.RemarkServiceTest], using SpringBootContextLoader
2021-04-08 10:13:16.254 o.s.test.context.support.AbstractContextLoader - Could not detect default resource locations for test class [com.sunday.remark.service.RemarkServiceTest]: no resource found for suffixes {-context.xml, Context.groovy}.
2021-04-08 10:13:16.258 o.s.b.t.context.SpringBootTestContextBootstrapper - Loaded default TestExecutionListener class names from location [META-INF/spring.factories]: [org.springframework.boot.test.mock.mockito.MockitoTestExecutionListener, org.springframework.boot.test.mock.mockito.ResetMocksTestExecutionListener, org.springframework.boot.test.autoconfigure.restdocs.RestDocsTestExecutionListener, org.springframework.boot.test.autoconfigure.web.client.MockRestServiceServerResetTestExecutionListener, org.springframework.boot.test.autoconfigure.web.servlet.MockMvcPrintOnlyOnFailureTestExecutionListener, org.springframework.boot.test.autoconfigure.web.servlet.WebDriverTestExecutionListener, org.springframework.boot.test.autoconfigure.webservices.client.MockWebServiceServerTestExecutionListener, org.springframework.test.context.web.ServletTestExecutionListener, org.springframework.test.context.support.DirtiesContextBeforeModesTestExecutionListener, org.springframework.test.context.support.DependencyInjectionTestExecutionListener, org.springframework.test.context.support.DirtiesContextTestExecutionListener, org.springframework.test.context.transaction.TransactionalTestExecutionListener, org.springframework.test.context.jdbc.SqlScriptsTestExecutionListener, org.springframework.test.context.event.EventPublishingTestExecutionListener]
2021-04-08 10:13:16.259 o.s.b.t.context.SpringBootTestContextBootstrapper - Using TestExecutionListeners: [org.springframework.test.context.web.ServletTestExecutionListener@71fb1da3, org.springframework.test.context.support.DirtiesContextBeforeModesTestExecutionListener@1ecec098, org.springframework.boot.test.mock.mockito.MockitoTestExecutionListener@6cc44207, org.springframework.boot.test.autoconfigure.SpringBootDependencyInjectionTestExecutionListener@8ecc457, org.springframework.test.context.support.DirtiesContextTestExecutionListener@21d3d6ec, org.springframework.test.context.transaction.TransactionalTestExecutionListener@49f1184e, org.springframework.test.context.jdbc.SqlScriptsTestExecutionListener@7ebaf0d, org.springframework.test.context.event.EventPublishingTestExecutionListener@694b1ddb, org.springframework.boot.test.mock.mockito.ResetMocksTestExecutionListener@5690c2a8, org.springframework.boot.test.autoconfigure.restdocs.RestDocsTestExecutionListener@17e2835c, org.springframework.boot.test.autoconfigure.web.client.MockRestServiceServerResetTestExecutionListener@4d2bc56a, org.springframework.boot.test.autoconfigure.web.servlet.MockMvcPrintOnlyOnFailureTestExecutionListener@7cbfbcd1, org.springframework.boot.test.autoconfigure.web.servlet.WebDriverTestExecutionListener@2c6aa46c, org.springframework.boot.test.autoconfigure.webservices.client.MockWebServiceServerTestExecutionListener@2f112ade]
2021-04-08 10:13:16.917 o.s.b.t.context.SpringBootTestContextBootstrapper - Neither @ContextConfiguration nor @ContextHierarchy found for test class [com.sunday.remark.controller.RemarkControllerTest], using SpringBootContextLoader
2021-04-08 10:13:16.919 o.s.test.context.support.AbstractContextLoader - Could not detect default resource locations for test class [com.sunday.remark.controller.RemarkControllerTest]: no resource found for suffixes {-context.xml, Context.groovy}.
2021-04-08 10:13:16.926 o.s.b.t.context.SpringBootTestContextBootstrapper - Loaded default TestExecutionListener class names from location [META-INF/spring.factories]: [org.springframework.boot.test.mock.mockito.MockitoTestExecutionListener, org.springframework.boot.test.mock.mockito.ResetMocksTestExecutionListener, org.springframework.boot.test.autoconfigure.restdocs.RestDocsTestExecutionListener, org.springframework.boot.test.autoconfigure.web.client.MockRestServiceServerResetTestExecutionListener, org.springframework.boot.test.autoconfigure.web.servlet.MockMvcPrintOnlyOnFailureTestExecutionListener, org.springframework.boot.test.autoconfigure.web.servlet.WebDriverTestExecutionListener, org.springframework.boot.test.autoconfigure.webservices.client.MockWebServiceServerTestExecutionListener, org.springframework.test.context.web.ServletTestExecutionListener, org.springframework.test.context.support.DirtiesContextBeforeModesTestExecutionListener, org.springframework.test.context.support.DependencyInjectionTestExecutionListener, org.springframework.test.context.support.DirtiesContextTestExecutionListener, org.springframework.test.context.transaction.TransactionalTestExecutionListener, org.springframework.test.context.jdbc.SqlScriptsTestExecutionListener, org.springframework.test.context.event.EventPublishingTestExecutionListener]
2021-04-08 10:13:16.926 o.s.b.t.context.SpringBootTestContextBootstrapper - Using TestExecutionListeners: [org.springframework.test.context.web.ServletTestExecutionListener@42805abe, org.springframework.test.context.support.DirtiesContextBeforeModesTestExecutionListener@2e7517aa, org.springframework.boot.test.mock.mockito.MockitoTestExecutionListener@152035eb, org.springframework.boot.test.autoconfigure.SpringBootDependencyInjectionTestExecutionListener@76105ac0, org.springframework.test.context.support.DirtiesContextTestExecutionListener@3605ab16, org.springframework.test.context.transaction.TransactionalTestExecutionListener@30cb223b, org.springframework.test.context.jdbc.SqlScriptsTestExecutionListener@24d0c6a4, org.springframework.test.context.event.EventPublishingTestExecutionListener@50e24ea4, org.springframework.boot.test.mock.mockito.ResetMocksTestExecutionListener@4ba402b5, org.springframework.boot.test.autoconfigure.restdocs.RestDocsTestExecutionListener@22172b00, org.springframework.boot.test.autoconfigure.web.client.MockRestServiceServerResetTestExecutionListener@d02c00, org.springframework.boot.test.autoconfigure.web.servlet.MockMvcPrintOnlyOnFailureTestExecutionListener@4205d5d0, org.springframework.boot.test.autoconfigure.web.servlet.WebDriverTestExecutionListener@29dfc68f, org.springframework.boot.test.autoconfigure.webservices.client.MockWebServiceServerTestExecutionListener@320ba79f]
2021-04-08 10:13:16.943 o.s.b.test.mock.web.SpringBootMockServletContext - Initializing Spring TestDispatcherServlet ''
2021-04-08 10:13:16.943 o.s.test.web.servlet.TestDispatcherServlet - Initializing Servlet ''
2021-04-08 10:13:16.959 o.s.test.web.servlet.TestDispatcherServlet - Completed initialization in 16 ms
2021-04-08 10:13:17.114 o.s.b.test.mock.web.SpringBootMockServletContext - Initializing Spring TestDispatcherServlet ''
2021-04-08 10:13:17.115 o.s.test.web.servlet.TestDispatcherServlet - Initializing Servlet ''
2021-04-08 10:13:17.116 o.s.test.web.servlet.TestDispatcherServlet - Completed initialization in 1 ms
2021-04-08 10:13:17.155 c.s.r.controller.aspect.CommonControllerAdvice - assert error:内容不能少于10字
2021-04-08 10:13:17.159 c.s.r.controller.aspect.CommonControllerAdvice - assert error:用户id不能为空
2021-04-08 10:13:17.161 c.s.r.controller.aspect.CommonControllerAdvice - assert error:内容不能少于10字
2021-04-08 10:13:17.163 c.s.r.controller.aspect.CommonControllerAdvice - assert error:评分不合规
2021-04-08 10:13:17.182 org.springframework.mock.web.MockServletContext - Initializing Spring TestDispatcherServlet ''
2021-04-08 10:13:17.182 o.s.test.web.servlet.TestDispatcherServlet - Initializing Servlet ''
2021-04-08 10:13:17.183 o.s.test.web.servlet.TestDispatcherServlet - Completed initialization in 0 ms
2021-04-08 10:13:17.191 o.s.b.t.context.SpringBootTestContextBootstrapper - Neither @ContextConfiguration nor @ContextHierarchy found for test class [com.sunday.remark.RemarkApplicationTests], using SpringBootContextLoader
2021-04-08 10:13:17.193 o.s.test.context.support.AbstractContextLoader - Could not detect default resource locations for test class [com.sunday.remark.RemarkApplicationTests]: no resource found for suffixes {-context.xml, Context.groovy}.
2021-04-08 10:13:17.197 o.s.b.t.context.SpringBootTestContextBootstrapper - Loaded default TestExecutionListener class names from location [META-INF/spring.factories]: [org.springframework.boot.test.mock.mockito.MockitoTestExecutionListener, org.springframework.boot.test.mock.mockito.ResetMocksTestExecutionListener, org.springframework.boot.test.autoconfigure.restdocs.RestDocsTestExecutionListener, org.springframework.boot.test.autoconfigure.web.client.MockRestServiceServerResetTestExecutionListener, org.springframework.boot.test.autoconfigure.web.servlet.MockMvcPrintOnlyOnFailureTestExecutionListener, org.springframework.boot.test.autoconfigure.web.servlet.WebDriverTestExecutionListener, org.springframework.boot.test.autoconfigure.webservices.client.MockWebServiceServerTestExecutionListener, org.springframework.test.context.web.ServletTestExecutionListener, org.springframework.test.context.support.DirtiesContextBeforeModesTestExecutionListener, org.springframework.test.context.support.DependencyInjectionTestExecutionListener, org.springframework.test.context.support.DirtiesContextTestExecutionListener, org.springframework.test.context.transaction.TransactionalTestExecutionListener, org.springframework.test.context.jdbc.SqlScriptsTestExecutionListener, org.springframework.test.context.event.EventPublishingTestExecutionListener]
2021-04-08 10:13:17.197 o.s.b.t.context.SpringBootTestContextBootstrapper - Using TestExecutionListeners: [org.springframework.test.context.web.ServletTestExecutionListener@b2e1df3, org.springframework.test.context.support.DirtiesContextBeforeModesTestExecutionListener@56193e3a, org.springframework.boot.test.mock.mockito.MockitoTestExecutionListener@6cf3b3d7, org.springframework.boot.test.autoconfigure.SpringBootDependencyInjectionTestExecutionListener@2e785b28, org.springframework.test.context.support.DirtiesContextTestExecutionListener@55c20a91, org.springframework.test.context.transaction.TransactionalTestExecutionListener@4a3516fd, org.springframework.test.context.jdbc.SqlScriptsTestExecutionListener@3ba96967, org.springframework.test.context.event.EventPublishingTestExecutionListener@5764d421, org.springframework.boot.test.mock.mockito.ResetMocksTestExecutionListener@1237cade, org.springframework.boot.test.autoconfigure.restdocs.RestDocsTestExecutionListener@70d7a49b, org.springframework.boot.test.autoconfigure.web.client.MockRestServiceServerResetTestExecutionListener@4509b7, org.springframework.boot.test.autoconfigure.web.servlet.MockMvcPrintOnlyOnFailureTestExecutionListener@71f10042, org.springframework.boot.test.autoconfigure.web.servlet.WebDriverTestExecutionListener@5dbc4598, org.springframework.boot.test.autoconfigure.webservices.client.MockWebServiceServerTestExecutionListener@1002d1c8]
2021-04-08 10:13:17.207 o.s.scheduling.concurrent.ThreadPoolTaskExecutor - Shutting down ExecutorService 'applicationTaskExecutor'
2021-04-08 10:13:17.334 com.zaxxer.hikari.HikariDataSource - HikariPool-1 - Shutdown initiated...
2021-04-08 10:13:17.340 com.zaxxer.hikari.HikariDataSource - HikariPool-1 - Shutdown completed.
2021-04-08 10:27:05.738 com.sunday.remark.repository.RemarkRepositoryTest - Starting RemarkRepositoryTest on LAPTOP-0K66VC5Q with PID 6404 (started by lushuntian in C:\Users\lushuntian\Desktop\shuntian\code\remark)
2021-04-08 10:27:05.740 com.sunday.remark.repository.RemarkRepositoryTest - No active profile set, falling back to default profiles: default
2021-04-08 10:27:06.472 o.s.d.r.config.RepositoryConfigurationDelegate - Multiple Spring Data modules found, entering strict repository configuration mode!
2021-04-08 10:27:06.476 o.s.d.r.config.RepositoryConfigurationDelegate - Bootstrapping Spring Data Redis repositories in DEFAULT mode.
2021-04-08 10:27:06.532 o.s.d.r.config.RepositoryConfigurationDelegate - Finished Spring Data repository scanning in 41ms. Found 0 Redis repository interfaces.
2021-04-08 10:27:07.096 com.zaxxer.hikari.HikariDataSource - HikariPool-1 - Starting...
2021-04-08 10:27:07.310 com.zaxxer.hikari.HikariDataSource - HikariPool-1 - Start completed.
2021-04-08 10:27:08.360 o.s.scheduling.concurrent.ThreadPoolTaskExecutor - Initializing ExecutorService 'applicationTaskExecutor'
2021-04-08 10:27:08.859 com.sunday.remark.repository.RemarkRepositoryTest - Started RemarkRepositoryTest in 3.527 seconds (JVM running for 4.778)
2021-04-08 10:27:09.446 o.s.scheduling.concurrent.ThreadPoolTaskExecutor - Shutting down ExecutorService 'applicationTaskExecutor'
2021-04-08 10:27:09.462 com.zaxxer.hikari.HikariDataSource - HikariPool-1 - Shutdown initiated...
2021-04-08 10:27:09.464 com.zaxxer.hikari.HikariDataSource - HikariPool-1 - Shutdown completed.
2021-04-08 10:27:27.315 com.sunday.remark.repository.RemarkRepositoryTest - Starting RemarkRepositoryTest on LAPTOP-0K66VC5Q with PID 15188 (started by lushuntian in C:\Users\lushuntian\Desktop\shuntian\code\remark)
2021-04-08 10:27:27.317 com.sunday.remark.repository.RemarkRepositoryTest - No active profile set, falling back to default profiles: default
2021-04-08 10:27:28.029 o.s.d.r.config.RepositoryConfigurationDelegate - Multiple Spring Data modules found, entering strict repository configuration mode!
2021-04-08 10:27:28.033 o.s.d.r.config.RepositoryConfigurationDelegate - Bootstrapping Spring Data Redis repositories in DEFAULT mode.
2021-04-08 10:27:28.094 o.s.d.r.config.RepositoryConfigurationDelegate - Finished Spring Data repository scanning in 42ms. Found 0 Redis repository interfaces.
2021-04-08 10:27:28.638 com.zaxxer.hikari.HikariDataSource - HikariPool-1 - Starting...
2021-04-08 10:27:28.848 com.zaxxer.hikari.HikariDataSource - HikariPool-1 - Start completed.
2021-04-08 10:27:29.863 o.s.scheduling.concurrent.ThreadPoolTaskExecutor - Initializing ExecutorService 'applicationTaskExecutor'
2021-04-08 10:27:30.371 com.sunday.remark.repository.RemarkRepositoryTest - Started RemarkRepositoryTest in 3.456 seconds (JVM running for 4.663)
2021-04-08 10:27:30.934 o.s.scheduling.concurrent.ThreadPoolTaskExecutor - Shutting down ExecutorService 'applicationTaskExecutor'
2021-04-08 10:27:30.948 com.zaxxer.hikari.HikariDataSource - HikariPool-1 - Shutdown initiated...
2021-04-08 10:27:30.950 com.zaxxer.hikari.HikariDataSource - HikariPool-1 - Shutdown completed.
2021-04-08 10:35:17.027 com.sunday.remark.repository.RemarkRepositoryTest - Starting RemarkRepositoryTest on LAPTOP-0K66VC5Q with PID 12164 (started by lushuntian in C:\Users\lushuntian\Desktop\shuntian\code\remark)
2021-04-08 10:35:17.029 com.sunday.remark.repository.RemarkRepositoryTest - No active profile set, falling back to default profiles: default
2021-04-08 10:35:17.769 o.s.d.r.config.RepositoryConfigurationDelegate - Multiple Spring Data modules found, entering strict repository configuration mode!
2021-04-08 10:35:17.773 o.s.d.r.config.RepositoryConfigurationDelegate - Bootstrapping Spring Data Redis repositories in DEFAULT mode.
2021-04-08 10:35:17.818 o.s.d.r.config.RepositoryConfigurationDelegate - Finished Spring Data repository scanning in 32ms. Found 0 Redis repository interfaces.
2021-04-08 10:35:18.345 com.zaxxer.hikari.HikariDataSource - HikariPool-1 - Starting...
2021-04-08 10:35:18.555 com.zaxxer.hikari.HikariDataSource - HikariPool-1 - Start completed.
2021-04-08 10:35:19.553 o.s.scheduling.concurrent.ThreadPoolTaskExecutor - Initializing ExecutorService 'applicationTaskExecutor'
2021-04-08 10:35:20.149 com.sunday.remark.repository.RemarkRepositoryTest - Started RemarkRepositoryTest in 3.511 seconds (JVM running for 4.88)
2021-04-08 10:35:20.998 o.s.b.t.context.SpringBootTestContextBootstrapper - Neither @ContextConfiguration nor @ContextHierarchy found for test class [com.sunday.remark.repository.RedisRepositoryTest], using SpringBootContextLoader
2021-04-08 10:35:20.999 o.s.test.context.support.AbstractContextLoader - Could not detect default resource locations for test class [com.sunday.remark.repository.RedisRepositoryTest]: no resource found for suffixes {-context.xml, Context.groovy}.
2021-04-08 10:35:21.002 o.s.b.t.context.SpringBootTestContextBootstrapper - Loaded default TestExecutionListener class names from location [META-INF/spring.factories]: [org.springframework.boot.test.mock.mockito.MockitoTestExecutionListener, org.springframework.boot.test.mock.mockito.ResetMocksTestExecutionListener, org.springframework.boot.test.autoconfigure.restdocs.RestDocsTestExecutionListener, org.springframework.boot.test.autoconfigure.web.client.MockRestServiceServerResetTestExecutionListener, org.springframework.boot.test.autoconfigure.web.servlet.MockMvcPrintOnlyOnFailureTestExecutionListener, org.springframework.boot.test.autoconfigure.web.servlet.WebDriverTestExecutionListener, org.springframework.boot.test.autoconfigure.webservices.client.MockWebServiceServerTestExecutionListener, org.springframework.test.context.web.ServletTestExecutionListener, org.springframework.test.context.support.DirtiesContextBeforeModesTestExecutionListener, org.springframework.test.context.support.DependencyInjectionTestExecutionListener, org.springframework.test.context.support.DirtiesContextTestExecutionListener, org.springframework.test.context.transaction.TransactionalTestExecutionListener, org.springframework.test.context.jdbc.SqlScriptsTestExecutionListener, org.springframework.test.context.event.EventPublishingTestExecutionListener]
2021-04-08 10:35:21.002 o.s.b.t.context.SpringBootTestContextBootstrapper - Using TestExecutionListeners: [org.springframework.test.context.web.ServletTestExecutionListener@7981963f, org.springframework.test.context.support.DirtiesContextBeforeModesTestExecutionListener@31e3c34, org.springframework.boot.test.mock.mockito.MockitoTestExecutionListener@b4d83ac, org.springframework.boot.test.autoconfigure.SpringBootDependencyInjectionTestExecutionListener@13d10057, org.springframework.test.context.support.DirtiesContextTestExecutionListener@66944c7c, org.springframework.test.context.transaction.TransactionalTestExecutionListener@14993306, org.springframework.test.context.jdbc.SqlScriptsTestExecutionListener@73ae82da, org.springframework.test.context.event.EventPublishingTestExecutionListener@6866e740, org.springframework.boot.test.mock.mockito.ResetMocksTestExecutionListener@2cd5b19c, org.springframework.boot.test.autoconfigure.restdocs.RestDocsTestExecutionListener@7109b603, org.springframework.boot.test.autoconfigure.web.client.MockRestServiceServerResetTestExecutionListener@76b642aa, org.springframework.boot.test.autoconfigure.web.servlet.MockMvcPrintOnlyOnFailureTestExecutionListener@29b5e7db, org.springframework.boot.test.autoconfigure.web.servlet.WebDriverTestExecutionListener@286dfa20, org.springframework.boot.test.autoconfigure.webservices.client.MockWebServiceServerTestExecutionListener@1468e880]
2021-04-08 10:35:24.480 o.s.b.t.context.SpringBootTestContextBootstrapper - Neither @ContextConfiguration nor @ContextHierarchy found for test class [com.sunday.remark.service.RemarkServiceTest], using SpringBootContextLoader
2021-04-08 10:35:24.482 o.s.test.context.support.AbstractContextLoader - Could not detect default resource locations for test class [com.sunday.remark.service.RemarkServiceTest]: no resource found for suffixes {-context.xml, Context.groovy}.
2021-04-08 10:35:24.484 o.s.b.t.context.SpringBootTestContextBootstrapper - Loaded default TestExecutionListener class names from location [META-INF/spring.factories]: [org.springframework.boot.test.mock.mockito.MockitoTestExecutionListener, org.springframework.boot.test.mock.mockito.ResetMocksTestExecutionListener, org.springframework.boot.test.autoconfigure.restdocs.RestDocsTestExecutionListener, org.springframework.boot.test.autoconfigure.web.client.MockRestServiceServerResetTestExecutionListener, org.springframework.boot.test.autoconfigure.web.servlet.MockMvcPrintOnlyOnFailureTestExecutionListener, org.springframework.boot.test.autoconfigure.web.servlet.WebDriverTestExecutionListener, org.springframework.boot.test.autoconfigure.webservices.client.MockWebServiceServerTestExecutionListener, org.springframework.test.context.web.ServletTestExecutionListener, org.springframework.test.context.support.DirtiesContextBeforeModesTestExecutionListener, org.springframework.test.context.support.DependencyInjectionTestExecutionListener, org.springframework.test.context.support.DirtiesContextTestExecutionListener, org.springframework.test.context.transaction.TransactionalTestExecutionListener, org.springframework.test.context.jdbc.SqlScriptsTestExecutionListener, org.springframework.test.context.event.EventPublishingTestExecutionListener]
2021-04-08 10:35:24.485 o.s.b.t.context.SpringBootTestContextBootstrapper - Using TestExecutionListeners: [org.springframework.test.context.web.ServletTestExecutionListener@37083af6, org.springframework.test.context.support.DirtiesContextBeforeModesTestExecutionListener@55e4dd68, org.springframework.boot.test.mock.mockito.MockitoTestExecutionListener@28c7fd9d, org.springframework.boot.test.autoconfigure.SpringBootDependencyInjectionTestExecutionListener@6a63ff31, org.springframework.test.context.support.DirtiesContextTestExecutionListener@1c4aa701, org.springframework.test.context.transaction.TransactionalTestExecutionListener@6f36267d, org.springframework.test.context.jdbc.SqlScriptsTestExecutionListener@788a0513, org.springframework.test.context.event.EventPublishingTestExecutionListener@d65e744, org.springframework.boot.test.mock.mockito.ResetMocksTestExecutionListener@44de3b46, org.springframework.boot.test.autoconfigure.restdocs.RestDocsTestExecutionListener@1a85e86e, org.springframework.boot.test.autoconfigure.web.client.MockRestServiceServerResetTestExecutionListener@320fc4b0, org.springframework.boot.test.autoconfigure.web.servlet.MockMvcPrintOnlyOnFailureTestExecutionListener@10724a72, org.springframework.boot.test.autoconfigure.web.servlet.WebDriverTestExecutionListener@25435731, org.springframework.boot.test.autoconfigure.webservices.client.MockWebServiceServerTestExecutionListener@10301d6f]
2021-04-08 10:35:25.139 o.s.b.t.context.SpringBootTestContextBootstrapper - Neither @ContextConfiguration nor @ContextHierarchy found for test class [com.sunday.remark.controller.RemarkControllerTest], using SpringBootContextLoader
2021-04-08 10:35:25.141 o.s.test.context.support.AbstractContextLoader - Could not detect default resource locations for test class [com.sunday.remark.controller.RemarkControllerTest]: no resource found for suffixes {-context.xml, Context.groovy}.
2021-04-08 10:35:25.146 o.s.b.t.context.SpringBootTestContextBootstrapper - Loaded default TestExecutionListener class names from location [META-INF/spring.factories]: [org.springframework.boot.test.mock.mockito.MockitoTestExecutionListener, org.springframework.boot.test.mock.mockito.ResetMocksTestExecutionListener, org.springframework.boot.test.autoconfigure.restdocs.RestDocsTestExecutionListener, org.springframework.boot.test.autoconfigure.web.client.MockRestServiceServerResetTestExecutionListener, org.springframework.boot.test.autoconfigure.web.servlet.MockMvcPrintOnlyOnFailureTestExecutionListener, org.springframework.boot.test.autoconfigure.web.servlet.WebDriverTestExecutionListener, org.springframework.boot.test.autoconfigure.webservices.client.MockWebServiceServerTestExecutionListener, org.springframework.test.context.web.ServletTestExecutionListener, org.springframework.test.context.support.DirtiesContextBeforeModesTestExecutionListener, org.springframework.test.context.support.DependencyInjectionTestExecutionListener, org.springframework.test.context.support.DirtiesContextTestExecutionListener, org.springframework.test.context.transaction.TransactionalTestExecutionListener, org.springframework.test.context.jdbc.SqlScriptsTestExecutionListener, org.springframework.test.context.event.EventPublishingTestExecutionListener]
2021-04-08 10:35:25.147 o.s.b.t.context.SpringBootTestContextBootstrapper - Using TestExecutionListeners: [org.springframework.test.context.web.ServletTestExecutionListener@3f2ef402, org.springframework.test.context.support.DirtiesContextBeforeModesTestExecutionListener@14bf9fd0, org.springframework.boot.test.mock.mockito.MockitoTestExecutionListener@391e5ffa, org.springframework.boot.test.autoconfigure.SpringBootDependencyInjectionTestExecutionListener@f4d391c, org.springframework.test.context.support.DirtiesContextTestExecutionListener@470b5213, org.springframework.test.context.transaction.TransactionalTestExecutionListener@2fa2143d, org.springframework.test.context.jdbc.SqlScriptsTestExecutionListener@64887fbc, org.springframework.test.context.event.EventPublishingTestExecutionListener@26b3fe8, org.springframework.boot.test.mock.mockito.ResetMocksTestExecutionListener@1f6d7e7c, org.springframework.boot.test.autoconfigure.restdocs.RestDocsTestExecutionListener@20518250, org.springframework.boot.test.autoconfigure.web.client.MockRestServiceServerResetTestExecutionListener@7836c79, org.springframework.boot.test.autoconfigure.web.servlet.MockMvcPrintOnlyOnFailureTestExecutionListener@5ccc971e, org.springframework.boot.test.autoconfigure.web.servlet.WebDriverTestExecutionListener@28269c65, org.springframework.boot.test.autoconfigure.webservices.client.MockWebServiceServerTestExecutionListener@4c9d833]
2021-04-08 10:35:25.162 o.s.b.test.mock.web.SpringBootMockServletContext - Initializing Spring TestDispatcherServlet ''
2021-04-08 10:35:25.162 o.s.test.web.servlet.TestDispatcherServlet - Initializing Servlet ''
2021-04-08 10:35:25.179 o.s.test.web.servlet.TestDispatcherServlet - Completed initialization in 16 ms
2021-04-08 10:35:25.357 o.s.b.test.mock.web.SpringBootMockServletContext - Initializing Spring TestDispatcherServlet ''
2021-04-08 10:35:25.357 o.s.test.web.servlet.TestDispatcherServlet - Initializing Servlet ''
2021-04-08 10:35:25.359 o.s.test.web.servlet.TestDispatcherServlet - Completed initialization in 2 ms
2021-04-08 10:35:25.403 c.s.r.controller.aspect.CommonControllerAdvice - assert error:内容不能少于10字
2021-04-08 10:35:25.408 c.s.r.controller.aspect.CommonControllerAdvice - assert error:用户id不能为空
2021-04-08 10:35:25.410 c.s.r.controller.aspect.CommonControllerAdvice - assert error:内容不能少于10字
2021-04-08 10:35:25.412 c.s.r.controller.aspect.CommonControllerAdvice - assert error:评分不合规
2021-04-08 10:35:25.433 org.springframework.mock.web.MockServletContext - Initializing Spring TestDispatcherServlet ''
2021-04-08 10:35:25.433 o.s.test.web.servlet.TestDispatcherServlet - Initializing Servlet ''
2021-04-08 10:35:25.434 o.s.test.web.servlet.TestDispatcherServlet - Completed initialization in 1 ms
2021-04-08 10:35:25.443 o.s.b.t.context.SpringBootTestContextBootstrapper - Neither @ContextConfiguration nor @ContextHierarchy found for test class [com.sunday.remark.RemarkApplicationTests], using SpringBootContextLoader
2021-04-08 10:35:25.444 o.s.test.context.support.AbstractContextLoader - Could not detect default resource locations for test class [com.sunday.remark.RemarkApplicationTests]: no resource found for suffixes {-context.xml, Context.groovy}.
2021-04-08 10:35:25.447 o.s.b.t.context.SpringBootTestContextBootstrapper - Loaded default TestExecutionListener class names from location [META-INF/spring.factories]: [org.springframework.boot.test.mock.mockito.MockitoTestExecutionListener, org.springframework.boot.test.mock.mockito.ResetMocksTestExecutionListener, org.springframework.boot.test.autoconfigure.restdocs.RestDocsTestExecutionListener, org.springframework.boot.test.autoconfigure.web.client.MockRestServiceServerResetTestExecutionListener, org.springframework.boot.test.autoconfigure.web.servlet.MockMvcPrintOnlyOnFailureTestExecutionListener, org.springframework.boot.test.autoconfigure.web.servlet.WebDriverTestExecutionListener, org.springframework.boot.test.autoconfigure.webservices.client.MockWebServiceServerTestExecutionListener, org.springframework.test.context.web.ServletTestExecutionListener, org.springframework.test.context.support.DirtiesContextBeforeModesTestExecutionListener, org.springframework.test.context.support.DependencyInjectionTestExecutionListener, org.springframework.test.context.support.DirtiesContextTestExecutionListener, org.springframework.test.context.transaction.TransactionalTestExecutionListener, org.springframework.test.context.jdbc.SqlScriptsTestExecutionListener, org.springframework.test.context.event.EventPublishingTestExecutionListener]
2021-04-08 10:35:25.448 o.s.b.t.context.SpringBootTestContextBootstrapper - Using TestExecutionListeners: [org.springframework.test.context.web.ServletTestExecutionListener@d0e4972, org.springframework.test.context.support.DirtiesContextBeforeModesTestExecutionListener@1978b0d5, org.springframework.boot.test.mock.mockito.MockitoTestExecutionListener@6556471b, org.springframework.boot.test.autoconfigure.SpringBootDependencyInjectionTestExecutionListener@3e1897d, org.springframework.test.context.support.DirtiesContextTestExecutionListener@7cdb05aa, org.springframework.test.context.transaction.TransactionalTestExecutionListener@2079fcfc, org.springframework.test.context.jdbc.SqlScriptsTestExecutionListener@77401977, org.springframework.test.context.event.EventPublishingTestExecutionListener@7865cc83, org.springframework.boot.test.mock.mockito.ResetMocksTestExecutionListener@5cb76070, org.springframework.boot.test.autoconfigure.restdocs.RestDocsTestExecutionListener@3346e906, org.springframework.boot.test.autoconfigure.web.client.MockRestServiceServerResetTestExecutionListener@443ac5b8, org.springframework.boot.test.autoconfigure.web.servlet.MockMvcPrintOnlyOnFailureTestExecutionListener@126d0868, org.springframework.boot.test.autoconfigure.web.servlet.WebDriverTestExecutionListener@753e4eb5, org.springframework.boot.test.autoconfigure.webservices.client.MockWebServiceServerTestExecutionListener@713497cd]
2021-04-08 10:35:25.457 o.s.scheduling.concurrent.ThreadPoolTaskExecutor - Shutting down ExecutorService 'applicationTaskExecutor'
2021-04-08 10:35:25.577 com.zaxxer.hikari.HikariDataSource - HikariPool-1 - Shutdown initiated...
2021-04-08 10:35:25.580 com.zaxxer.hikari.HikariDataSource - HikariPool-1 - Shutdown completed.
2021-04-08 10:36:45.056 com.sunday.remark.RemarkApplication - Starting RemarkApplication on LAPTOP-0K66VC5Q with PID 7268 (C:\Users\lushuntian\Desktop\shuntian\code\remark\target\classes started by lushuntian in C:\Users\lushuntian\Desktop\shuntian\code\remark)
2021-04-08 10:36:45.059 com.sunday.remark.RemarkApplication - No active profile set, falling back to default profiles: default
2021-04-08 10:36:45.782 o.s.d.r.config.RepositoryConfigurationDelegate - Multiple Spring Data modules found, entering strict repository configuration mode!
2021-04-08 10:36:45.785 o.s.d.r.config.RepositoryConfigurationDelegate - Bootstrapping Spring Data Redis repositories in DEFAULT mode.
2021-04-08 10:36:45.831 o.s.d.r.config.RepositoryConfigurationDelegate - Finished Spring Data repository scanning in 31ms. Found 0 Redis repository interfaces.
2021-04-08 10:36:46.521 o.s.boot.web.embedded.tomcat.TomcatWebServer - Tomcat initialized with port(s): 18080 (http)
2021-04-08 10:36:46.531 org.apache.coyote.http11.Http11NioProtocol - Initializing ProtocolHandler ["http-nio-18080"]
2021-04-08 10:36:46.532 org.apache.catalina.core.StandardService - Starting service [Tomcat]
2021-04-08 10:36:46.532 org.apache.catalina.core.StandardEngine - Starting Servlet engine: [Apache Tomcat/9.0.39]
2021-04-08 10:36:46.658 o.a.c.core.ContainerBase.[Tomcat].[localhost].[/] - Initializing Spring embedded WebApplicationContext
2021-04-08 10:36:46.658 o.s.b.w.s.c.ServletWebServerApplicationContext - Root WebApplicationContext: initialization completed in 1536 ms
2021-04-08 10:36:47.269 o.s.scheduling.concurrent.ThreadPoolTaskExecutor - Initializing ExecutorService 'applicationTaskExecutor'
2021-04-08 10:36:47.524 org.apache.coyote.http11.Http11NioProtocol - Starting ProtocolHandler ["http-nio-18080"]
2021-04-08 10:36:47.558 o.s.boot.web.embedded.tomcat.TomcatWebServer - Tomcat started on port(s): 18080 (http) with context path ''
2021-04-08 10:36:47.570 com.sunday.remark.RemarkApplication - Started RemarkApplication in 3.135 seconds (JVM running for 3.677)
2021-04-08 10:39:42.779 o.a.c.core.ContainerBase.[Tomcat].[localhost].[/] - Initializing Spring DispatcherServlet 'dispatcherServlet'
2021-04-08 10:39:42.779 org.springframework.web.servlet.DispatcherServlet - Initializing Servlet 'dispatcherServlet'
2021-04-08 10:39:42.785 org.springframework.web.servlet.DispatcherServlet - Completed initialization in 5 ms
2021-04-08 10:39:43.426 com.zaxxer.hikari.HikariDataSource - DatebookHikariCP - Starting...
2021-04-08 10:39:44.081 com.zaxxer.hikari.HikariDataSource - DatebookHikariCP - Start completed.
2021-04-08 13:00:59.896 com.sunday.remark.RemarkApplication - Starting RemarkApplication on LAPTOP-0K66VC5Q with PID 12048 (C:\Users\lushuntian\Desktop\shuntian\code\remark\target\classes started by lushuntian in C:\Users\lushuntian\Desktop\shuntian\code\remark)
2021-04-08 13:00:59.900 com.sunday.remark.RemarkApplication - No active profile set, falling back to default profiles: default
2021-04-08 13:01:00.613 o.s.d.r.config.RepositoryConfigurationDelegate - Multiple Spring Data modules found, entering strict repository configuration mode!
2021-04-08 13:01:00.616 o.s.d.r.config.RepositoryConfigurationDelegate - Bootstrapping Spring Data Redis repositories in DEFAULT mode.
2021-04-08 13:01:00.665 o.s.d.r.config.RepositoryConfigurationDelegate - Finished Spring Data repository scanning in 33ms. Found 0 Redis repository interfaces.
2021-04-08 13:01:01.397 o.s.boot.web.embedded.tomcat.TomcatWebServer - Tomcat initialized with port(s): 18080 (http)
2021-04-08 13:01:01.409 org.apache.coyote.http11.Http11NioProtocol - Initializing ProtocolHandler ["http-nio-18080"]
2021-04-08 13:01:01.409 org.apache.catalina.core.StandardService - Starting service [Tomcat]
2021-04-08 13:01:01.409 org.apache.catalina.core.StandardEngine - Starting Servlet engine: [Apache Tomcat/9.0.39]
2021-04-08 13:01:01.537 o.a.c.core.ContainerBase.[Tomcat].[localhost].[/] - Initializing Spring embedded WebApplicationContext
2021-04-08 13:01:01.537 o.s.b.w.s.c.ServletWebServerApplicationContext - Root WebApplicationContext: initialization completed in 1576 ms
2021-04-08 13:01:02.214 o.s.scheduling.concurrent.ThreadPoolTaskExecutor - Initializing ExecutorService 'applicationTaskExecutor'
2021-04-08 13:01:02.477 org.apache.coyote.http11.Http11NioProtocol - Starting ProtocolHandler ["http-nio-18080"]
2021-04-08 13:01:02.510 o.s.boot.web.embedded.tomcat.TomcatWebServer - Tomcat started on port(s): 18080 (http) with context path ''
2021-04-08 13:01:02.521 com.sunday.remark.RemarkApplication - Started RemarkApplication in 3.231 seconds (JVM running for 3.774)
2021-04-08 13:01:18.506 o.a.c.core.ContainerBase.[Tomcat].[localhost].[/] - Initializing Spring DispatcherServlet 'dispatcherServlet'
2021-04-08 13:01:18.506 org.springframework.web.servlet.DispatcherServlet - Initializing Servlet 'dispatcherServlet'
2021-04-08 13:01:18.513 org.springframework.web.servlet.DispatcherServlet - Completed initialization in 7 ms
2021-04-08 13:01:19.081 com.zaxxer.hikari.HikariDataSource - DatebookHikariCP - Starting...
2021-04-08 13:01:19.785 com.zaxxer.hikari.HikariDataSource - DatebookHikariCP - Start completed.
