2021-04-14 11:38:38.832 com.sunday.file.receive.VoteMessageReceiverTest - Starting VoteMessageReceiverTest using Java 15.0.1 on LAPTOP-0K66VC5Q with PID 11012 (started by lushuntian in C:\Users\lushuntian\Desktop\shuntian\code\remark\file)
2021-04-14 11:38:38.833 com.sunday.file.receive.VoteMessageReceiverTest - No active profile set, falling back to default profiles: default
2021-04-14 11:38:40.100 com.zaxxer.hikari.HikariDataSource - HikariPool-1 - Starting...
2021-04-14 11:38:40.401 com.zaxxer.hikari.HikariDataSource - HikariPool-1 - Start completed.
2021-04-14 11:38:40.461 o.s.b.a.l.ConditionEvaluationReportLoggingListener - 

Error starting ApplicationContext. To display the conditions report re-run your application with 'debug' enabled.
2021-04-14 11:39:41.028 com.sunday.file.receive.VoteMessageReceiverTest - Starting VoteMessageReceiverTest using Java 15.0.1 on LAPTOP-0K66VC5Q with PID 10136 (started by lushuntian in C:\Users\lushuntian\Desktop\shuntian\code\remark\file)
2021-04-14 11:39:41.031 com.sunday.file.receive.VoteMessageReceiverTest - No active profile set, falling back to default profiles: default
2021-04-14 11:39:42.215 com.zaxxer.hikari.HikariDataSource - HikariPool-1 - Starting...
2021-04-14 11:39:42.505 com.zaxxer.hikari.HikariDataSource - HikariPool-1 - Start completed.
2021-04-14 11:39:47.079 o.s.scheduling.concurrent.ThreadPoolTaskExecutor - Initializing ExecutorService 'applicationTaskExecutor'
2021-04-14 11:39:47.573 com.sunday.file.receive.VoteMessageReceiverTest - Started VoteMessageReceiverTest in 7.028 seconds (JVM running for 8.489)
2021-04-14 11:39:48.199 o.s.scheduling.concurrent.ThreadPoolTaskExecutor - Shutting down ExecutorService 'applicationTaskExecutor'
2021-04-14 11:39:48.525 com.zaxxer.hikari.HikariDataSource - HikariPool-1 - Shutdown initiated...
2021-04-14 11:39:48.527 com.zaxxer.hikari.HikariDataSource - HikariPool-1 - Shutdown completed.
2021-04-14 13:07:33.088 com.sunday.file.FileApplicationTests - Starting FileApplicationTests using Java 15.0.1 on LAPTOP-0K66VC5Q with PID 8324 (started by lushuntian in C:\Users\lushuntian\Desktop\shuntian\code\remark\file)
2021-04-14 13:07:33.091 com.sunday.file.FileApplicationTests - No active profile set, falling back to default profiles: default
2021-04-14 13:07:34.361 com.zaxxer.hikari.HikariDataSource - HikariPool-1 - Starting...
2021-04-14 13:07:34.666 com.zaxxer.hikari.HikariDataSource - HikariPool-1 - Start completed.
2021-04-14 13:07:39.203 o.s.scheduling.concurrent.ThreadPoolTaskExecutor - Initializing ExecutorService 'applicationTaskExecutor'
2021-04-14 13:07:39.773 com.sunday.file.FileApplicationTests - Started FileApplicationTests in 7.188 seconds (JVM running for 8.319)
2021-04-14 13:07:40.496 o.s.b.t.context.SpringBootTestContextBootstrapper - Neither @ContextConfiguration nor @ContextHierarchy found for test class [com.sunday.file.receive.VoteMessageReceiverTest], using SpringBootContextLoader
2021-04-14 13:07:40.498 o.s.test.context.support.AbstractContextLoader - Could not detect default resource locations for test class [com.sunday.file.receive.VoteMessageReceiverTest]: no resource found for suffixes {-context.xml, Context.groovy}.
2021-04-14 13:07:40.507 o.s.b.t.context.SpringBootTestContextBootstrapper - Loaded default TestExecutionListener class names from location [META-INF/spring.factories]: [org.springframework.boot.test.mock.mockito.MockitoTestExecutionListener, org.springframework.boot.test.mock.mockito.ResetMocksTestExecutionListener, org.springframework.boot.test.autoconfigure.restdocs.RestDocsTestExecutionListener, org.springframework.boot.test.autoconfigure.web.client.MockRestServiceServerResetTestExecutionListener, org.springframework.boot.test.autoconfigure.web.servlet.MockMvcPrintOnlyOnFailureTestExecutionListener, org.springframework.boot.test.autoconfigure.web.servlet.WebDriverTestExecutionListener, org.springframework.boot.test.autoconfigure.webservices.client.MockWebServiceServerTestExecutionListener, org.springframework.test.context.web.ServletTestExecutionListener, org.springframework.test.context.support.DirtiesContextBeforeModesTestExecutionListener, org.springframework.test.context.event.ApplicationEventsTestExecutionListener, org.springframework.test.context.support.DependencyInjectionTestExecutionListener, org.springframework.test.context.support.DirtiesContextTestExecutionListener, org.springframework.test.context.transaction.TransactionalTestExecutionListener, org.springframework.test.context.jdbc.SqlScriptsTestExecutionListener, org.springframework.test.context.event.EventPublishingTestExecutionListener]
2021-04-14 13:07:40.508 o.s.b.t.context.SpringBootTestContextBootstrapper - Using TestExecutionListeners: [org.springframework.test.context.web.ServletTestExecutionListener@18bb1b88, org.springframework.test.context.support.DirtiesContextBeforeModesTestExecutionListener@51b51641, org.springframework.test.context.event.ApplicationEventsTestExecutionListener@362a6aa5, org.springframework.boot.test.mock.mockito.MockitoTestExecutionListener@53b7bf01, org.springframework.boot.test.autoconfigure.SpringBootDependencyInjectionTestExecutionListener@139089a4, org.springframework.test.context.support.DirtiesContextTestExecutionListener@6a6e9289, org.springframework.test.context.transaction.TransactionalTestExecutionListener@ff4b223, org.springframework.test.context.jdbc.SqlScriptsTestExecutionListener@61554b6b, org.springframework.test.context.event.EventPublishingTestExecutionListener@761f234c, org.springframework.boot.test.mock.mockito.ResetMocksTestExecutionListener@687b0ddc, org.springframework.boot.test.autoconfigure.restdocs.RestDocsTestExecutionListener@42b4df5a, org.springframework.boot.test.autoconfigure.web.client.MockRestServiceServerResetTestExecutionListener@9f1ca74, org.springframework.boot.test.autoconfigure.web.servlet.MockMvcPrintOnlyOnFailureTestExecutionListener@67b8d45, org.springframework.boot.test.autoconfigure.web.servlet.WebDriverTestExecutionListener@365e65bb, org.springframework.boot.test.autoconfigure.webservices.client.MockWebServiceServerTestExecutionListener@52f43225]
2021-04-14 13:07:40.573 o.s.scheduling.concurrent.ThreadPoolTaskExecutor - Shutting down ExecutorService 'applicationTaskExecutor'
2021-04-14 13:07:40.695 com.zaxxer.hikari.HikariDataSource - HikariPool-1 - Shutdown initiated...
2021-04-14 13:07:40.703 com.zaxxer.hikari.HikariDataSource - HikariPool-1 - Shutdown completed.
